{"/workspaces/azureDevOps/loan-service/src/index.ts": {"path":"/workspaces/azureDevOps/loan-service/src/index.ts","all":true,"statementMap":{"0":{"start":{"line":1,"column":0},"end":{"line":1,"column":85}},"1":{"start":{"line":2,"column":0},"end":{"line":2,"column":41}},"2":{"start":{"line":3,"column":0},"end":{"line":3,"column":40}},"3":{"start":{"line":4,"column":0},"end":{"line":4,"column":42}},"4":{"start":{"line":5,"column":0},"end":{"line":5,"column":41}}},"s":{"0":0,"1":0,"2":0,"3":0,"4":0},"branchMap":{"0":{"type":"branch","line":1,"loc":{"start":{"line":1,"column":253},"end":{"line":5,"column":41}},"locations":[{"start":{"line":1,"column":253},"end":{"line":5,"column":41}}]}},"b":{"0":[0]},"fnMap":{"0":{"name":"(empty-report)","decl":{"start":{"line":1,"column":253},"end":{"line":5,"column":41}},"loc":{"start":{"line":1,"column":253},"end":{"line":5,"column":41}},"line":1}},"f":{"0":0}}
,"/workspaces/azureDevOps/loan-service/src/app/collect-loan.ts": {"path":"/workspaces/azureDevOps/loan-service/src/app/collect-loan.ts","all":false,"statementMap":{"0":{"start":{"line":1,"column":0},"end":{"line":1,"column":55}},"3":{"start":{"line":4,"column":0},"end":{"line":4,"column":66}},"4":{"start":{"line":5,"column":0},"end":{"line":5,"column":29}},"5":{"start":{"line":6,"column":0},"end":{"line":6,"column":46}},"7":{"start":{"line":8,"column":0},"end":{"line":8,"column":18}},"8":{"start":{"line":9,"column":0},"end":{"line":9,"column":48}},"9":{"start":{"line":10,"column":0},"end":{"line":10,"column":3}},"11":{"start":{"line":12,"column":0},"end":{"line":12,"column":46}},"12":{"start":{"line":13,"column":0},"end":{"line":13,"column":36}},"13":{"start":{"line":14,"column":0},"end":{"line":14,"column":1}}},"s":{"0":1,"3":5,"4":5,"5":5,"7":5,"8":1,"9":1,"11":4,"12":4,"13":4},"branchMap":{"0":{"type":"branch","line":4,"loc":{"start":{"line":4,"column":0},"end":{"line":14,"column":1}},"locations":[{"start":{"line":4,"column":0},"end":{"line":14,"column":1}}]},"1":{"type":"branch","line":8,"loc":{"start":{"line":8,"column":17},"end":{"line":10,"column":3}},"locations":[{"start":{"line":8,"column":17},"end":{"line":10,"column":3}}]},"2":{"type":"branch","line":10,"loc":{"start":{"line":10,"column":2},"end":{"line":14,"column":1}},"locations":[{"start":{"line":10,"column":2},"end":{"line":14,"column":1}}]}},"b":{"0":[5],"1":[1],"2":[4]},"fnMap":{"0":{"name":"collectLoan","decl":{"start":{"line":4,"column":0},"end":{"line":14,"column":1}},"loc":{"start":{"line":4,"column":0},"end":{"line":14,"column":1}},"line":4}},"f":{"0":5}}
,"/workspaces/azureDevOps/loan-service/src/app/create-loan.ts": {"path":"/workspaces/azureDevOps/loan-service/src/app/create-loan.ts","all":false,"statementMap":{"0":{"start":{"line":1,"column":0},"end":{"line":1,"column":56}},"8":{"start":{"line":9,"column":0},"end":{"line":9,"column":73}},"9":{"start":{"line":10,"column":0},"end":{"line":10,"column":30}},"10":{"start":{"line":11,"column":0},"end":{"line":11,"column":46}},"11":{"start":{"line":12,"column":0},"end":{"line":12,"column":5}},"12":{"start":{"line":13,"column":0},"end":{"line":13,"column":37}},"13":{"start":{"line":14,"column":0},"end":{"line":14,"column":53}},"14":{"start":{"line":15,"column":0},"end":{"line":15,"column":5}},"17":{"start":{"line":18,"column":0},"end":{"line":18,"column":48}},"19":{"start":{"line":20,"column":0},"end":{"line":20,"column":32}},"20":{"start":{"line":21,"column":0},"end":{"line":21,"column":21}},"21":{"start":{"line":22,"column":0},"end":{"line":22,"column":27}},"22":{"start":{"line":23,"column":0},"end":{"line":23,"column":40}},"23":{"start":{"line":24,"column":0},"end":{"line":24,"column":7}},"25":{"start":{"line":26,"column":0},"end":{"line":26,"column":31}},"26":{"start":{"line":27,"column":0},"end":{"line":27,"column":44}},"27":{"start":{"line":28,"column":0},"end":{"line":28,"column":19}},"28":{"start":{"line":29,"column":0},"end":{"line":29,"column":1}}},"s":{"0":1,"8":6,"9":6,"10":2,"11":2,"12":6,"13":2,"14":2,"17":2,"19":2,"20":2,"21":2,"22":2,"23":2,"25":2,"26":2,"27":1,"28":1},"branchMap":{"0":{"type":"branch","line":9,"loc":{"start":{"line":9,"column":0},"end":{"line":29,"column":1}},"locations":[{"start":{"line":9,"column":0},"end":{"line":29,"column":1}}]},"1":{"type":"branch","line":10,"loc":{"start":{"line":10,"column":29},"end":{"line":12,"column":5}},"locations":[{"start":{"line":10,"column":29},"end":{"line":12,"column":5}}]},"2":{"type":"branch","line":12,"loc":{"start":{"line":12,"column":4},"end":{"line":13,"column":33}},"locations":[{"start":{"line":12,"column":4},"end":{"line":13,"column":33}}]},"3":{"type":"branch","line":13,"loc":{"start":{"line":13,"column":36},"end":{"line":27,"column":44}},"locations":[{"start":{"line":13,"column":36},"end":{"line":27,"column":44}}]},"4":{"type":"branch","line":27,"loc":{"start":{"line":27,"column":42},"end":{"line":29,"column":1}},"locations":[{"start":{"line":27,"column":42},"end":{"line":29,"column":1}}]}},"b":{"0":[6],"1":[2],"2":[4],"3":[2],"4":[1]},"fnMap":{"0":{"name":"createLoan","decl":{"start":{"line":9,"column":0},"end":{"line":29,"column":1}},"loc":{"start":{"line":9,"column":0},"end":{"line":29,"column":1}},"line":9}},"f":{"0":6}}
,"/workspaces/azureDevOps/loan-service/src/app/list-loan.ts": {"path":"/workspaces/azureDevOps/loan-service/src/app/list-loan.ts","all":true,"statementMap":{"0":{"start":{"line":1,"column":0},"end":{"line":1,"column":55}},"3":{"start":{"line":4,"column":0},"end":{"line":4,"column":73}},"4":{"start":{"line":5,"column":0},"end":{"line":5,"column":29}},"5":{"start":{"line":6,"column":0},"end":{"line":6,"column":33}},"6":{"start":{"line":7,"column":0},"end":{"line":7,"column":1}}},"s":{"0":0,"3":0,"4":0,"5":0,"6":0},"branchMap":{"0":{"type":"branch","line":1,"loc":{"start":{"line":1,"column":0},"end":{"line":7,"column":-3}},"locations":[{"start":{"line":1,"column":0},"end":{"line":7,"column":-3}}]}},"b":{"0":[0]},"fnMap":{"0":{"name":"(empty-report)","decl":{"start":{"line":1,"column":0},"end":{"line":7,"column":-3}},"loc":{"start":{"line":1,"column":0},"end":{"line":7,"column":-3}},"line":1}},"f":{"0":0}}
,"/workspaces/azureDevOps/loan-service/src/app/return-loan.ts": {"path":"/workspaces/azureDevOps/loan-service/src/app/return-loan.ts","all":false,"statementMap":{"0":{"start":{"line":1,"column":0},"end":{"line":1,"column":25}},"4":{"start":{"line":5,"column":0},"end":{"line":5,"column":65}},"5":{"start":{"line":6,"column":0},"end":{"line":6,"column":29}},"6":{"start":{"line":7,"column":0},"end":{"line":7,"column":46}},"8":{"start":{"line":9,"column":0},"end":{"line":9,"column":18}},"9":{"start":{"line":10,"column":0},"end":{"line":10,"column":48}},"10":{"start":{"line":11,"column":0},"end":{"line":11,"column":3}},"12":{"start":{"line":13,"column":0},"end":{"line":13,"column":45}},"14":{"start":{"line":15,"column":0},"end":{"line":15,"column":36}},"15":{"start":{"line":16,"column":0},"end":{"line":16,"column":1}}},"s":{"0":1,"4":5,"5":5,"6":5,"8":5,"9":1,"10":1,"12":4,"14":4,"15":4},"branchMap":{"0":{"type":"branch","line":5,"loc":{"start":{"line":5,"column":0},"end":{"line":16,"column":1}},"locations":[{"start":{"line":5,"column":0},"end":{"line":16,"column":1}}]},"1":{"type":"branch","line":9,"loc":{"start":{"line":9,"column":17},"end":{"line":11,"column":3}},"locations":[{"start":{"line":9,"column":17},"end":{"line":11,"column":3}}]},"2":{"type":"branch","line":11,"loc":{"start":{"line":11,"column":2},"end":{"line":16,"column":1}},"locations":[{"start":{"line":11,"column":2},"end":{"line":16,"column":1}}]}},"b":{"0":[5],"1":[1],"2":[4]},"fnMap":{"0":{"name":"returnLoan","decl":{"start":{"line":5,"column":0},"end":{"line":16,"column":1}},"loc":{"start":{"line":5,"column":0},"end":{"line":16,"column":1}},"line":5}},"f":{"0":5}}
,"/workspaces/azureDevOps/loan-service/src/auth/requireRole.ts": {"path":"/workspaces/azureDevOps/loan-service/src/auth/requireRole.ts","all":true,"statementMap":{"6":{"start":{"line":7,"column":0},"end":{"line":7,"column":51}},"8":{"start":{"line":9,"column":0},"end":{"line":9,"column":83}},"9":{"start":{"line":10,"column":0},"end":{"line":10,"column":28}},"10":{"start":{"line":11,"column":0},"end":{"line":11,"column":55}},"11":{"start":{"line":12,"column":0},"end":{"line":12,"column":62}},"12":{"start":{"line":13,"column":0},"end":{"line":13,"column":1}}},"s":{"6":0,"8":0,"9":0,"10":0,"11":0,"12":0},"branchMap":{"0":{"type":"branch","line":1,"loc":{"start":{"line":1,"column":452},"end":{"line":13,"column":1}},"locations":[{"start":{"line":1,"column":452},"end":{"line":13,"column":1}}]}},"b":{"0":[1]},"fnMap":{"0":{"name":"(empty-report)","decl":{"start":{"line":1,"column":452},"end":{"line":13,"column":1}},"loc":{"start":{"line":1,"column":452},"end":{"line":13,"column":1}},"line":1}},"f":{"0":1}}
,"/workspaces/azureDevOps/loan-service/src/auth/validateJwt.ts": {"path":"/workspaces/azureDevOps/loan-service/src/auth/validateJwt.ts","all":true,"statementMap":{"0":{"start":{"line":1,"column":0},"end":{"line":1,"column":53}},"3":{"start":{"line":4,"column":0},"end":{"line":4,"column":40}},"4":{"start":{"line":5,"column":0},"end":{"line":5,"column":44}},"6":{"start":{"line":7,"column":0},"end":{"line":7,"column":27}},"7":{"start":{"line":8,"column":0},"end":{"line":8,"column":86}},"8":{"start":{"line":9,"column":0},"end":{"line":9,"column":1}},"10":{"start":{"line":11,"column":0},"end":{"line":11,"column":19}},"11":{"start":{"line":12,"column":0},"end":{"line":12,"column":65}},"12":{"start":{"line":13,"column":0},"end":{"line":13,"column":9}},"24":{"start":{"line":25,"column":0},"end":{"line":25,"column":81}},"25":{"start":{"line":26,"column":0},"end":{"line":26,"column":7}},"26":{"start":{"line":27,"column":0},"end":{"line":27,"column":56}},"27":{"start":{"line":28,"column":0},"end":{"line":28,"column":59}},"28":{"start":{"line":29,"column":0},"end":{"line":29,"column":18}},"29":{"start":{"line":30,"column":0},"end":{"line":30,"column":5}},"31":{"start":{"line":32,"column":0},"end":{"line":32,"column":57}},"33":{"start":{"line":34,"column":0},"end":{"line":34,"column":55}},"34":{"start":{"line":35,"column":0},"end":{"line":35,"column":21}},"35":{"start":{"line":36,"column":0},"end":{"line":36,"column":25}},"36":{"start":{"line":37,"column":0},"end":{"line":37,"column":7}},"38":{"start":{"line":39,"column":0},"end":{"line":39,"column":33}},"39":{"start":{"line":40,"column":0},"end":{"line":40,"column":17}},"40":{"start":{"line":41,"column":0},"end":{"line":41,"column":48}},"41":{"start":{"line":42,"column":0},"end":{"line":42,"column":16}},"42":{"start":{"line":43,"column":0},"end":{"line":43,"column":3}},"45":{"start":{"line":46,"column":0},"end":{"line":46,"column":1}}},"s":{"0":0,"3":0,"4":0,"6":0,"7":0,"8":0,"10":0,"11":0,"12":0,"24":0,"25":0,"26":0,"27":0,"28":0,"29":0,"31":0,"33":0,"34":0,"35":0,"36":0,"38":0,"39":0,"40":0,"41":0,"42":0,"45":0},"branchMap":{"0":{"type":"branch","line":1,"loc":{"start":{"line":1,"column":1144},"end":{"line":46,"column":1}},"locations":[{"start":{"line":1,"column":1144},"end":{"line":46,"column":1}}]}},"b":{"0":[0]},"fnMap":{"0":{"name":"(empty-report)","decl":{"start":{"line":1,"column":1144},"end":{"line":46,"column":1}},"loc":{"start":{"line":1,"column":1144},"end":{"line":46,"column":1}},"line":1}},"f":{"0":0}}
,"/workspaces/azureDevOps/loan-service/src/config/appServices.ts": {"path":"/workspaces/azureDevOps/loan-service/src/config/appServices.ts","all":true,"statementMap":{"0":{"start":{"line":1,"column":0},"end":{"line":1,"column":28}},"4":{"start":{"line":5,"column":0},"end":{"line":5,"column":37}},"6":{"start":{"line":7,"column":0},"end":{"line":7,"column":41}},"7":{"start":{"line":8,"column":0},"end":{"line":8,"column":18}},"8":{"start":{"line":9,"column":0},"end":{"line":9,"column":55}},"9":{"start":{"line":10,"column":0},"end":{"line":10,"column":45}},"10":{"start":{"line":11,"column":0},"end":{"line":11,"column":60}},"11":{"start":{"line":12,"column":0},"end":{"line":12,"column":62}},"13":{"start":{"line":14,"column":0},"end":{"line":14,"column":59}},"14":{"start":{"line":15,"column":0},"end":{"line":15,"column":22}},"15":{"start":{"line":16,"column":0},"end":{"line":16,"column":113}},"16":{"start":{"line":17,"column":0},"end":{"line":17,"column":8}},"17":{"start":{"line":18,"column":0},"end":{"line":18,"column":5}},"19":{"start":{"line":20,"column":0},"end":{"line":20,"column":35}},"20":{"start":{"line":21,"column":0},"end":{"line":21,"column":15}},"21":{"start":{"line":22,"column":0},"end":{"line":22,"column":21}},"22":{"start":{"line":23,"column":0},"end":{"line":23,"column":17}},"23":{"start":{"line":24,"column":0},"end":{"line":24,"column":17}},"24":{"start":{"line":25,"column":0},"end":{"line":25,"column":7}},"25":{"start":{"line":26,"column":0},"end":{"line":26,"column":3}},"27":{"start":{"line":28,"column":0},"end":{"line":28,"column":18}},"28":{"start":{"line":29,"column":0},"end":{"line":29,"column":1}}},"s":{"0":0,"4":0,"6":0,"7":0,"8":0,"9":0,"10":0,"11":0,"13":0,"14":0,"15":0,"16":0,"17":0,"19":0,"20":0,"21":0,"22":0,"23":0,"24":0,"25":0,"27":0,"28":0},"branchMap":{"0":{"type":"branch","line":1,"loc":{"start":{"line":1,"column":832},"end":{"line":29,"column":1}},"locations":[{"start":{"line":1,"column":832},"end":{"line":29,"column":1}}]}},"b":{"0":[0]},"fnMap":{"0":{"name":"(empty-report)","decl":{"start":{"line":1,"column":832},"end":{"line":29,"column":1}},"loc":{"start":{"line":1,"column":832},"end":{"line":29,"column":1}},"line":1}},"f":{"0":0}}
,"/workspaces/azureDevOps/loan-service/src/domain/loan-repo.ts": {"path":"/workspaces/azureDevOps/loan-service/src/domain/loan-repo.ts","all":true,"statementMap":{"9":{"start":{"line":10,"column":0},"end":{"line":10,"column":48}},"10":{"start":{"line":11,"column":0},"end":{"line":11,"column":71}},"11":{"start":{"line":12,"column":0},"end":{"line":12,"column":19}},"12":{"start":{"line":13,"column":0},"end":{"line":13,"column":38}},"13":{"start":{"line":14,"column":0},"end":{"line":14,"column":3}},"14":{"start":{"line":15,"column":0},"end":{"line":15,"column":1}}},"s":{"9":0,"10":0,"11":0,"12":0,"13":0,"14":0},"branchMap":{"0":{"type":"branch","line":1,"loc":{"start":{"line":1,"column":419},"end":{"line":15,"column":1}},"locations":[{"start":{"line":1,"column":419},"end":{"line":15,"column":1}}]}},"b":{"0":[1]},"fnMap":{"0":{"name":"(empty-report)","decl":{"start":{"line":1,"column":419},"end":{"line":15,"column":1}},"loc":{"start":{"line":1,"column":419},"end":{"line":15,"column":1}},"line":1}},"f":{"0":1}}
,"/workspaces/azureDevOps/loan-service/src/domain/loan.ts": {"path":"/workspaces/azureDevOps/loan-service/src/domain/loan.ts","all":false,"statementMap":{"14":{"start":{"line":15,"column":0},"end":{"line":15,"column":48}},"15":{"start":{"line":16,"column":0},"end":{"line":16,"column":32}},"16":{"start":{"line":17,"column":0},"end":{"line":17,"column":19}},"17":{"start":{"line":18,"column":0},"end":{"line":18,"column":38}},"18":{"start":{"line":19,"column":0},"end":{"line":19,"column":3}},"19":{"start":{"line":20,"column":0},"end":{"line":20,"column":1}},"22":{"start":{"line":23,"column":0},"end":{"line":23,"column":50}},"23":{"start":{"line":24,"column":0},"end":{"line":24,"column":42}},"24":{"start":{"line":25,"column":0},"end":{"line":25,"column":42}},"25":{"start":{"line":26,"column":0},"end":{"line":26,"column":16}},"26":{"start":{"line":27,"column":0},"end":{"line":27,"column":1}},"39":{"start":{"line":40,"column":0},"end":{"line":40,"column":61}},"40":{"start":{"line":41,"column":0},"end":{"line":41,"column":26}},"41":{"start":{"line":42,"column":0},"end":{"line":42,"column":57}},"42":{"start":{"line":43,"column":0},"end":{"line":43,"column":3}},"43":{"start":{"line":44,"column":0},"end":{"line":44,"column":30}},"44":{"start":{"line":45,"column":0},"end":{"line":45,"column":56}},"45":{"start":{"line":46,"column":0},"end":{"line":46,"column":3}},"46":{"start":{"line":47,"column":0},"end":{"line":47,"column":37}},"47":{"start":{"line":48,"column":0},"end":{"line":48,"column":63}},"48":{"start":{"line":49,"column":0},"end":{"line":49,"column":3}},"50":{"start":{"line":51,"column":0},"end":{"line":51,"column":52}},"51":{"start":{"line":52,"column":0},"end":{"line":52,"column":53}},"53":{"start":{"line":54,"column":0},"end":{"line":54,"column":10}},"54":{"start":{"line":55,"column":0},"end":{"line":55,"column":24}},"55":{"start":{"line":56,"column":0},"end":{"line":56,"column":32}},"56":{"start":{"line":57,"column":0},"end":{"line":57,"column":46}},"57":{"start":{"line":58,"column":0},"end":{"line":58,"column":23}},"58":{"start":{"line":59,"column":0},"end":{"line":59,"column":15}},"59":{"start":{"line":60,"column":0},"end":{"line":60,"column":9}},"60":{"start":{"line":61,"column":0},"end":{"line":61,"column":4}},"61":{"start":{"line":62,"column":0},"end":{"line":62,"column":1}},"66":{"start":{"line":67,"column":0},"end":{"line":67,"column":73}},"67":{"start":{"line":68,"column":0},"end":{"line":68,"column":35}},"68":{"start":{"line":69,"column":0},"end":{"line":69,"column":34}},"69":{"start":{"line":70,"column":0},"end":{"line":70,"column":56}},"70":{"start":{"line":71,"column":0},"end":{"line":71,"column":6}},"71":{"start":{"line":72,"column":0},"end":{"line":72,"column":3}},"73":{"start":{"line":74,"column":0},"end":{"line":74,"column":39}},"75":{"start":{"line":76,"column":0},"end":{"line":76,"column":10}},"76":{"start":{"line":77,"column":0},"end":{"line":77,"column":12}},"77":{"start":{"line":78,"column":0},"end":{"line":78,"column":24}},"78":{"start":{"line":79,"column":0},"end":{"line":79,"column":19}},"79":{"start":{"line":80,"column":0},"end":{"line":80,"column":4}},"80":{"start":{"line":81,"column":0},"end":{"line":81,"column":1}},"85":{"start":{"line":86,"column":0},"end":{"line":86,"column":71}},"86":{"start":{"line":87,"column":0},"end":{"line":87,"column":36}},"87":{"start":{"line":88,"column":0},"end":{"line":88,"column":34}},"88":{"start":{"line":89,"column":0},"end":{"line":89,"column":55}},"89":{"start":{"line":90,"column":0},"end":{"line":90,"column":6}},"90":{"start":{"line":91,"column":0},"end":{"line":91,"column":3}},"92":{"start":{"line":93,"column":0},"end":{"line":93,"column":38}},"94":{"start":{"line":95,"column":0},"end":{"line":95,"column":10}},"95":{"start":{"line":96,"column":0},"end":{"line":96,"column":12}},"96":{"start":{"line":97,"column":0},"end":{"line":97,"column":23}},"97":{"start":{"line":98,"column":0},"end":{"line":98,"column":18}},"98":{"start":{"line":99,"column":0},"end":{"line":99,"column":4}},"99":{"start":{"line":100,"column":0},"end":{"line":100,"column":1}}},"s":{"14":1,"15":1,"16":19,"17":19,"18":19,"19":1,"22":5,"23":5,"24":5,"25":5,"26":5,"39":1,"40":12,"41":3,"42":3,"43":12,"44":2,"45":2,"46":12,"47":2,"48":2,"50":12,"51":12,"53":12,"54":12,"55":12,"56":12,"57":12,"58":12,"59":12,"60":12,"61":12,"66":1,"67":10,"68":6,"69":6,"70":6,"71":6,"73":8,"75":10,"76":10,"77":10,"78":10,"79":10,"80":10,"85":1,"86":10,"87":6,"88":6,"89":6,"90":6,"92":8,"94":10,"95":10,"96":10,"97":10,"98":10,"99":10},"branchMap":{"0":{"type":"branch","line":16,"loc":{"start":{"line":16,"column":2},"end":{"line":19,"column":3}},"locations":[{"start":{"line":16,"column":2},"end":{"line":19,"column":3}}]},"1":{"type":"branch","line":23,"loc":{"start":{"line":23,"column":0},"end":{"line":27,"column":1}},"locations":[{"start":{"line":23,"column":0},"end":{"line":27,"column":1}}]},"2":{"type":"branch","line":40,"loc":{"start":{"line":40,"column":7},"end":{"line":62,"column":1}},"locations":[{"start":{"line":40,"column":7},"end":{"line":62,"column":1}}]},"3":{"type":"branch","line":41,"loc":{"start":{"line":41,"column":25},"end":{"line":43,"column":3}},"locations":[{"start":{"line":41,"column":25},"end":{"line":43,"column":3}}]},"4":{"type":"branch","line":43,"loc":{"start":{"line":43,"column":2},"end":{"line":44,"column":26}},"locations":[{"start":{"line":43,"column":2},"end":{"line":44,"column":26}}]},"5":{"type":"branch","line":44,"loc":{"start":{"line":44,"column":29},"end":{"line":46,"column":3}},"locations":[{"start":{"line":44,"column":29},"end":{"line":46,"column":3}}]},"6":{"type":"branch","line":46,"loc":{"start":{"line":46,"column":2},"end":{"line":47,"column":33}},"locations":[{"start":{"line":46,"column":2},"end":{"line":47,"column":33}}]},"7":{"type":"branch","line":47,"loc":{"start":{"line":47,"column":36},"end":{"line":49,"column":3}},"locations":[{"start":{"line":47,"column":36},"end":{"line":49,"column":3}}]},"8":{"type":"branch","line":49,"loc":{"start":{"line":49,"column":2},"end":{"line":51,"column":41}},"locations":[{"start":{"line":49,"column":2},"end":{"line":51,"column":41}}]},"9":{"type":"branch","line":51,"loc":{"start":{"line":51,"column":27},"end":{"line":51,"column":52}},"locations":[{"start":{"line":51,"column":27},"end":{"line":51,"column":52}}]},"10":{"type":"branch","line":67,"loc":{"start":{"line":67,"column":7},"end":{"line":81,"column":1}},"locations":[{"start":{"line":67,"column":7},"end":{"line":81,"column":1}}]},"11":{"type":"branch","line":68,"loc":{"start":{"line":68,"column":34},"end":{"line":74,"column":39}},"locations":[{"start":{"line":68,"column":34},"end":{"line":74,"column":39}}]},"12":{"type":"branch","line":68,"loc":{"start":{"line":68,"column":34},"end":{"line":72,"column":3}},"locations":[{"start":{"line":68,"column":34},"end":{"line":72,"column":3}}]},"13":{"type":"branch","line":72,"loc":{"start":{"line":72,"column":2},"end":{"line":74,"column":28}},"locations":[{"start":{"line":72,"column":2},"end":{"line":74,"column":28}}]},"14":{"type":"branch","line":74,"loc":{"start":{"line":74,"column":13},"end":{"line":74,"column":39}},"locations":[{"start":{"line":74,"column":13},"end":{"line":74,"column":39}}]},"15":{"type":"branch","line":86,"loc":{"start":{"line":86,"column":7},"end":{"line":100,"column":1}},"locations":[{"start":{"line":86,"column":7},"end":{"line":100,"column":1}}]},"16":{"type":"branch","line":87,"loc":{"start":{"line":87,"column":35},"end":{"line":93,"column":38}},"locations":[{"start":{"line":87,"column":35},"end":{"line":93,"column":38}}]},"17":{"type":"branch","line":87,"loc":{"start":{"line":87,"column":35},"end":{"line":91,"column":3}},"locations":[{"start":{"line":87,"column":35},"end":{"line":91,"column":3}}]},"18":{"type":"branch","line":91,"loc":{"start":{"line":91,"column":2},"end":{"line":93,"column":27}},"locations":[{"start":{"line":91,"column":2},"end":{"line":93,"column":27}}]},"19":{"type":"branch","line":93,"loc":{"start":{"line":93,"column":13},"end":{"line":93,"column":38}},"locations":[{"start":{"line":93,"column":13},"end":{"line":93,"column":38}}]}},"b":{"0":[19],"1":[5],"2":[12],"3":[3],"4":[9],"5":[2],"6":[7],"7":[2],"8":[5],"9":[4],"10":[10],"11":[8],"12":[6],"13":[4],"14":[3],"15":[10],"16":[8],"17":[6],"18":[4],"19":[3]},"fnMap":{"0":{"name":"LoanValidationError","decl":{"start":{"line":16,"column":2},"end":{"line":19,"column":3}},"loc":{"start":{"line":16,"column":2},"end":{"line":19,"column":3}},"line":16},"1":{"name":"addDays","decl":{"start":{"line":23,"column":0},"end":{"line":27,"column":1}},"loc":{"start":{"line":23,"column":0},"end":{"line":27,"column":1}},"line":23},"2":{"name":"createNewLoan","decl":{"start":{"line":40,"column":7},"end":{"line":62,"column":1}},"loc":{"start":{"line":40,"column":7},"end":{"line":62,"column":1}},"line":40},"3":{"name":"markLoanCollected","decl":{"start":{"line":67,"column":7},"end":{"line":81,"column":1}},"loc":{"start":{"line":67,"column":7},"end":{"line":81,"column":1}},"line":67},"4":{"name":"markLoanReturned","decl":{"start":{"line":86,"column":7},"end":{"line":100,"column":1}},"loc":{"start":{"line":86,"column":7},"end":{"line":100,"column":1}},"line":86}},"f":{"0":19,"1":5,"2":12,"3":10,"4":10}}
,"/workspaces/azureDevOps/loan-service/src/functions/collect-loan-http.ts": {"path":"/workspaces/azureDevOps/loan-service/src/functions/collect-loan-http.ts","all":true,"statementMap":{"0":{"start":{"line":1,"column":0},"end":{"line":1,"column":89}},"1":{"start":{"line":2,"column":0},"end":{"line":2,"column":53}},"2":{"start":{"line":3,"column":0},"end":{"line":3,"column":49}},"3":{"start":{"line":4,"column":0},"end":{"line":4,"column":53}},"5":{"start":{"line":6,"column":0},"end":{"line":6,"column":101}},"6":{"start":{"line":7,"column":0},"end":{"line":7,"column":48}},"8":{"start":{"line":9,"column":0},"end":{"line":9,"column":39}},"9":{"start":{"line":10,"column":0},"end":{"line":10,"column":48}},"11":{"start":{"line":12,"column":0},"end":{"line":12,"column":16}},"12":{"start":{"line":13,"column":0},"end":{"line":13,"column":52}},"13":{"start":{"line":14,"column":0},"end":{"line":14,"column":12}},"14":{"start":{"line":15,"column":0},"end":{"line":15,"column":18}},"15":{"start":{"line":16,"column":0},"end":{"line":16,"column":64}},"16":{"start":{"line":17,"column":0},"end":{"line":17,"column":6}},"17":{"start":{"line":18,"column":0},"end":{"line":18,"column":3}},"19":{"start":{"line":20,"column":0},"end":{"line":20,"column":44}},"20":{"start":{"line":21,"column":0},"end":{"line":21,"column":16}},"21":{"start":{"line":22,"column":0},"end":{"line":22,"column":59}},"22":{"start":{"line":23,"column":0},"end":{"line":23,"column":12}},"23":{"start":{"line":24,"column":0},"end":{"line":24,"column":18}},"24":{"start":{"line":25,"column":0},"end":{"line":25,"column":68}},"25":{"start":{"line":26,"column":0},"end":{"line":26,"column":6}},"26":{"start":{"line":27,"column":0},"end":{"line":27,"column":3}},"28":{"start":{"line":29,"column":0},"end":{"line":29,"column":34}},"29":{"start":{"line":30,"column":0},"end":{"line":30,"column":69}},"30":{"start":{"line":31,"column":0},"end":{"line":31,"column":12}},"31":{"start":{"line":32,"column":0},"end":{"line":32,"column":18}},"32":{"start":{"line":33,"column":0},"end":{"line":33,"column":69}},"33":{"start":{"line":34,"column":0},"end":{"line":34,"column":6}},"34":{"start":{"line":35,"column":0},"end":{"line":35,"column":3}},"36":{"start":{"line":37,"column":0},"end":{"line":37,"column":7}},"37":{"start":{"line":38,"column":0},"end":{"line":38,"column":46}},"38":{"start":{"line":39,"column":0},"end":{"line":39,"column":83}},"39":{"start":{"line":40,"column":0},"end":{"line":40,"column":12}},"40":{"start":{"line":41,"column":0},"end":{"line":41,"column":18}},"41":{"start":{"line":42,"column":0},"end":{"line":42,"column":24}},"42":{"start":{"line":43,"column":0},"end":{"line":43,"column":6}},"43":{"start":{"line":44,"column":0},"end":{"line":44,"column":22}},"44":{"start":{"line":45,"column":0},"end":{"line":45,"column":64}},"45":{"start":{"line":46,"column":0},"end":{"line":46,"column":12}},"46":{"start":{"line":47,"column":0},"end":{"line":47,"column":18}},"47":{"start":{"line":48,"column":0},"end":{"line":48,"column":52}},"48":{"start":{"line":49,"column":0},"end":{"line":49,"column":6}},"49":{"start":{"line":50,"column":0},"end":{"line":50,"column":3}},"50":{"start":{"line":51,"column":0},"end":{"line":51,"column":1}},"52":{"start":{"line":53,"column":0},"end":{"line":53,"column":31}},"53":{"start":{"line":54,"column":0},"end":{"line":54,"column":20}},"54":{"start":{"line":55,"column":0},"end":{"line":55,"column":34}},"55":{"start":{"line":56,"column":0},"end":{"line":56,"column":25}},"56":{"start":{"line":57,"column":0},"end":{"line":57,"column":10}},"57":{"start":{"line":58,"column":0},"end":{"line":58,"column":3}}},"s":{"0":0,"1":0,"2":0,"3":0,"5":0,"6":0,"8":0,"9":0,"11":0,"12":0,"13":0,"14":0,"15":0,"16":0,"17":0,"19":0,"20":0,"21":0,"22":0,"23":0,"24":0,"25":0,"26":0,"28":0,"29":0,"30":0,"31":0,"32":0,"33":0,"34":0,"36":0,"37":0,"38":0,"39":0,"40":0,"41":0,"42":0,"43":0,"44":0,"45":0,"46":0,"47":0,"48":0,"49":0,"50":0,"52":0,"53":0,"54":0,"55":0,"56":0,"57":0},"branchMap":{"0":{"type":"branch","line":1,"loc":{"start":{"line":1,"column":0},"end":{"line":60,"column":-141}},"locations":[{"start":{"line":1,"column":0},"end":{"line":60,"column":-141}}]}},"b":{"0":[0]},"fnMap":{"0":{"name":"(empty-report)","decl":{"start":{"line":1,"column":0},"end":{"line":60,"column":-141}},"loc":{"start":{"line":1,"column":0},"end":{"line":60,"column":-141}},"line":1}},"f":{"0":0}}
,"/workspaces/azureDevOps/loan-service/src/functions/create-loan-http.ts": {"path":"/workspaces/azureDevOps/loan-service/src/functions/create-loan-http.ts","all":true,"statementMap":{"0":{"start":{"line":1,"column":0},"end":{"line":1,"column":89}},"1":{"start":{"line":2,"column":0},"end":{"line":2,"column":53}},"2":{"start":{"line":3,"column":0},"end":{"line":3,"column":49}},"3":{"start":{"line":4,"column":0},"end":{"line":4,"column":51}},"5":{"start":{"line":6,"column":0},"end":{"line":6,"column":101}},"7":{"start":{"line":8,"column":0},"end":{"line":8,"column":44}},"8":{"start":{"line":9,"column":0},"end":{"line":9,"column":16}},"9":{"start":{"line":10,"column":0},"end":{"line":10,"column":12}},"10":{"start":{"line":11,"column":0},"end":{"line":11,"column":18}},"11":{"start":{"line":12,"column":0},"end":{"line":12,"column":68}},"12":{"start":{"line":13,"column":0},"end":{"line":13,"column":6}},"13":{"start":{"line":14,"column":0},"end":{"line":14,"column":3}},"15":{"start":{"line":16,"column":0},"end":{"line":16,"column":83}},"18":{"start":{"line":19,"column":0},"end":{"line":19,"column":65}},"19":{"start":{"line":20,"column":0},"end":{"line":20,"column":12}},"20":{"start":{"line":21,"column":0},"end":{"line":21,"column":18}},"21":{"start":{"line":22,"column":0},"end":{"line":22,"column":81}},"22":{"start":{"line":23,"column":0},"end":{"line":23,"column":6}},"23":{"start":{"line":24,"column":0},"end":{"line":24,"column":3}},"26":{"start":{"line":27,"column":0},"end":{"line":27,"column":28}},"27":{"start":{"line":28,"column":0},"end":{"line":28,"column":16}},"28":{"start":{"line":29,"column":0},"end":{"line":29,"column":12}},"29":{"start":{"line":30,"column":0},"end":{"line":30,"column":18}},"30":{"start":{"line":31,"column":0},"end":{"line":31,"column":70}},"31":{"start":{"line":32,"column":0},"end":{"line":32,"column":6}},"32":{"start":{"line":33,"column":0},"end":{"line":33,"column":3}},"35":{"start":{"line":36,"column":0},"end":{"line":36,"column":61}},"36":{"start":{"line":37,"column":0},"end":{"line":37,"column":44}},"37":{"start":{"line":38,"column":0},"end":{"line":38,"column":60}},"38":{"start":{"line":39,"column":0},"end":{"line":39,"column":12}},"39":{"start":{"line":40,"column":0},"end":{"line":40,"column":18}},"40":{"start":{"line":41,"column":0},"end":{"line":41,"column":55}},"41":{"start":{"line":42,"column":0},"end":{"line":42,"column":6}},"42":{"start":{"line":43,"column":0},"end":{"line":43,"column":3}},"44":{"start":{"line":45,"column":0},"end":{"line":45,"column":7}},"45":{"start":{"line":46,"column":0},"end":{"line":46,"column":98}},"47":{"start":{"line":48,"column":0},"end":{"line":48,"column":61}},"49":{"start":{"line":50,"column":0},"end":{"line":50,"column":64}},"51":{"start":{"line":52,"column":0},"end":{"line":52,"column":12}},"52":{"start":{"line":53,"column":0},"end":{"line":53,"column":18}},"53":{"start":{"line":54,"column":0},"end":{"line":54,"column":21}},"54":{"start":{"line":55,"column":0},"end":{"line":55,"column":6}},"55":{"start":{"line":56,"column":0},"end":{"line":56,"column":22}},"56":{"start":{"line":57,"column":0},"end":{"line":57,"column":51}},"57":{"start":{"line":58,"column":0},"end":{"line":58,"column":12}},"58":{"start":{"line":59,"column":0},"end":{"line":59,"column":18}},"59":{"start":{"line":60,"column":0},"end":{"line":60,"column":51}},"60":{"start":{"line":61,"column":0},"end":{"line":61,"column":6}},"61":{"start":{"line":62,"column":0},"end":{"line":62,"column":3}},"62":{"start":{"line":63,"column":0},"end":{"line":63,"column":1}},"64":{"start":{"line":65,"column":0},"end":{"line":65,"column":30}},"65":{"start":{"line":66,"column":0},"end":{"line":66,"column":20}},"66":{"start":{"line":67,"column":0},"end":{"line":67,"column":17}},"67":{"start":{"line":68,"column":0},"end":{"line":68,"column":52}},"68":{"start":{"line":69,"column":0},"end":{"line":69,"column":10}},"69":{"start":{"line":70,"column":0},"end":{"line":70,"column":3}}},"s":{"0":0,"1":0,"2":0,"3":0,"5":0,"7":0,"8":0,"9":0,"10":0,"11":0,"12":0,"13":0,"15":0,"18":0,"19":0,"20":0,"21":0,"22":0,"23":0,"26":0,"27":0,"28":0,"29":0,"30":0,"31":0,"32":0,"35":0,"36":0,"37":0,"38":0,"39":0,"40":0,"41":0,"42":0,"44":0,"45":0,"47":0,"49":0,"51":0,"52":0,"53":0,"54":0,"55":0,"56":0,"57":0,"58":0,"59":0,"60":0,"61":0,"62":0,"64":0,"65":0,"66":0,"67":0,"68":0,"69":0},"branchMap":{"0":{"type":"branch","line":1,"loc":{"start":{"line":1,"column":0},"end":{"line":70,"column":-105}},"locations":[{"start":{"line":1,"column":0},"end":{"line":70,"column":-105}}]}},"b":{"0":[0]},"fnMap":{"0":{"name":"(empty-report)","decl":{"start":{"line":1,"column":0},"end":{"line":70,"column":-105}},"loc":{"start":{"line":1,"column":0},"end":{"line":70,"column":-105}},"line":1}},"f":{"0":0}}
,"/workspaces/azureDevOps/loan-service/src/functions/list-loans-http.ts": {"path":"/workspaces/azureDevOps/loan-service/src/functions/list-loans-http.ts","all":true,"statementMap":{"0":{"start":{"line":1,"column":0},"end":{"line":1,"column":89}},"1":{"start":{"line":2,"column":0},"end":{"line":2,"column":53}},"2":{"start":{"line":3,"column":0},"end":{"line":3,"column":49}},"3":{"start":{"line":4,"column":0},"end":{"line":4,"column":55}},"5":{"start":{"line":6,"column":0},"end":{"line":6,"column":101}},"6":{"start":{"line":7,"column":0},"end":{"line":7,"column":46}},"8":{"start":{"line":9,"column":0},"end":{"line":9,"column":44}},"9":{"start":{"line":10,"column":0},"end":{"line":10,"column":58}},"11":{"start":{"line":12,"column":0},"end":{"line":12,"column":21}},"12":{"start":{"line":13,"column":0},"end":{"line":13,"column":60}},"13":{"start":{"line":14,"column":0},"end":{"line":14,"column":12}},"14":{"start":{"line":15,"column":0},"end":{"line":15,"column":18}},"15":{"start":{"line":16,"column":0},"end":{"line":16,"column":64}},"16":{"start":{"line":17,"column":0},"end":{"line":17,"column":6}},"17":{"start":{"line":18,"column":0},"end":{"line":18,"column":3}},"19":{"start":{"line":20,"column":0},"end":{"line":20,"column":44}},"20":{"start":{"line":21,"column":0},"end":{"line":21,"column":16}},"21":{"start":{"line":22,"column":0},"end":{"line":22,"column":57}},"22":{"start":{"line":23,"column":0},"end":{"line":23,"column":12}},"23":{"start":{"line":24,"column":0},"end":{"line":24,"column":18}},"24":{"start":{"line":25,"column":0},"end":{"line":25,"column":68}},"25":{"start":{"line":26,"column":0},"end":{"line":26,"column":6}},"26":{"start":{"line":27,"column":0},"end":{"line":27,"column":3}},"28":{"start":{"line":29,"column":0},"end":{"line":29,"column":54}},"30":{"start":{"line":31,"column":0},"end":{"line":31,"column":33}},"31":{"start":{"line":32,"column":0},"end":{"line":32,"column":43}},"34":{"start":{"line":35,"column":0},"end":{"line":35,"column":48}},"35":{"start":{"line":36,"column":0},"end":{"line":36,"column":78}},"36":{"start":{"line":37,"column":0},"end":{"line":37,"column":12}},"37":{"start":{"line":38,"column":0},"end":{"line":38,"column":18}},"38":{"start":{"line":39,"column":0},"end":{"line":39,"column":79}},"39":{"start":{"line":40,"column":0},"end":{"line":40,"column":6}},"40":{"start":{"line":41,"column":0},"end":{"line":41,"column":3}},"42":{"start":{"line":43,"column":0},"end":{"line":43,"column":7}},"43":{"start":{"line":44,"column":0},"end":{"line":44,"column":54}},"44":{"start":{"line":45,"column":0},"end":{"line":45,"column":62}},"45":{"start":{"line":46,"column":0},"end":{"line":46,"column":12}},"46":{"start":{"line":47,"column":0},"end":{"line":47,"column":18}},"47":{"start":{"line":48,"column":0},"end":{"line":48,"column":22}},"48":{"start":{"line":49,"column":0},"end":{"line":49,"column":6}},"49":{"start":{"line":50,"column":0},"end":{"line":50,"column":22}},"50":{"start":{"line":51,"column":0},"end":{"line":51,"column":45}},"51":{"start":{"line":52,"column":0},"end":{"line":52,"column":12}},"52":{"start":{"line":53,"column":0},"end":{"line":53,"column":18}},"53":{"start":{"line":54,"column":0},"end":{"line":54,"column":50}},"54":{"start":{"line":55,"column":0},"end":{"line":55,"column":6}},"55":{"start":{"line":56,"column":0},"end":{"line":56,"column":3}},"56":{"start":{"line":57,"column":0},"end":{"line":57,"column":1}},"58":{"start":{"line":59,"column":0},"end":{"line":59,"column":29}},"59":{"start":{"line":60,"column":0},"end":{"line":60,"column":19}},"60":{"start":{"line":61,"column":0},"end":{"line":61,"column":31}},"61":{"start":{"line":62,"column":0},"end":{"line":62,"column":25}},"62":{"start":{"line":63,"column":0},"end":{"line":63,"column":10}},"63":{"start":{"line":64,"column":0},"end":{"line":64,"column":3}}},"s":{"0":0,"1":0,"2":0,"3":0,"5":0,"6":0,"8":0,"9":0,"11":0,"12":0,"13":0,"14":0,"15":0,"16":0,"17":0,"19":0,"20":0,"21":0,"22":0,"23":0,"24":0,"25":0,"26":0,"28":0,"30":0,"31":0,"34":0,"35":0,"36":0,"37":0,"38":0,"39":0,"40":0,"42":0,"43":0,"44":0,"45":0,"46":0,"47":0,"48":0,"49":0,"50":0,"51":0,"52":0,"53":0,"54":0,"55":0,"56":0,"58":0,"59":0,"60":0,"61":0,"62":0,"63":0},"branchMap":{"0":{"type":"branch","line":1,"loc":{"start":{"line":1,"column":0},"end":{"line":64,"column":-136}},"locations":[{"start":{"line":1,"column":0},"end":{"line":64,"column":-136}}]}},"b":{"0":[0]},"fnMap":{"0":{"name":"(empty-report)","decl":{"start":{"line":1,"column":0},"end":{"line":64,"column":-136}},"loc":{"start":{"line":1,"column":0},"end":{"line":64,"column":-136}},"line":1}},"f":{"0":0}}
,"/workspaces/azureDevOps/loan-service/src/functions/return-loan-http.ts": {"path":"/workspaces/azureDevOps/loan-service/src/functions/return-loan-http.ts","all":true,"statementMap":{"0":{"start":{"line":1,"column":0},"end":{"line":1,"column":89}},"1":{"start":{"line":2,"column":0},"end":{"line":2,"column":53}},"2":{"start":{"line":3,"column":0},"end":{"line":3,"column":49}},"3":{"start":{"line":4,"column":0},"end":{"line":4,"column":51}},"5":{"start":{"line":6,"column":0},"end":{"line":6,"column":101}},"6":{"start":{"line":7,"column":0},"end":{"line":7,"column":47}},"8":{"start":{"line":9,"column":0},"end":{"line":9,"column":39}},"9":{"start":{"line":10,"column":0},"end":{"line":10,"column":47}},"11":{"start":{"line":12,"column":0},"end":{"line":12,"column":16}},"12":{"start":{"line":13,"column":0},"end":{"line":13,"column":51}},"13":{"start":{"line":14,"column":0},"end":{"line":14,"column":12}},"14":{"start":{"line":15,"column":0},"end":{"line":15,"column":18}},"15":{"start":{"line":16,"column":0},"end":{"line":16,"column":64}},"16":{"start":{"line":17,"column":0},"end":{"line":17,"column":6}},"17":{"start":{"line":18,"column":0},"end":{"line":18,"column":3}},"19":{"start":{"line":20,"column":0},"end":{"line":20,"column":44}},"20":{"start":{"line":21,"column":0},"end":{"line":21,"column":16}},"21":{"start":{"line":22,"column":0},"end":{"line":22,"column":58}},"22":{"start":{"line":23,"column":0},"end":{"line":23,"column":12}},"23":{"start":{"line":24,"column":0},"end":{"line":24,"column":18}},"24":{"start":{"line":25,"column":0},"end":{"line":25,"column":68}},"25":{"start":{"line":26,"column":0},"end":{"line":26,"column":6}},"26":{"start":{"line":27,"column":0},"end":{"line":27,"column":3}},"28":{"start":{"line":29,"column":0},"end":{"line":29,"column":34}},"29":{"start":{"line":30,"column":0},"end":{"line":30,"column":68}},"30":{"start":{"line":31,"column":0},"end":{"line":31,"column":12}},"31":{"start":{"line":32,"column":0},"end":{"line":32,"column":18}},"32":{"start":{"line":33,"column":0},"end":{"line":33,"column":68}},"33":{"start":{"line":34,"column":0},"end":{"line":34,"column":6}},"34":{"start":{"line":35,"column":0},"end":{"line":35,"column":3}},"36":{"start":{"line":37,"column":0},"end":{"line":37,"column":7}},"37":{"start":{"line":38,"column":0},"end":{"line":38,"column":45}},"38":{"start":{"line":39,"column":0},"end":{"line":39,"column":82}},"39":{"start":{"line":40,"column":0},"end":{"line":40,"column":12}},"40":{"start":{"line":41,"column":0},"end":{"line":41,"column":18}},"41":{"start":{"line":42,"column":0},"end":{"line":42,"column":24}},"42":{"start":{"line":43,"column":0},"end":{"line":43,"column":6}},"43":{"start":{"line":44,"column":0},"end":{"line":44,"column":22}},"44":{"start":{"line":45,"column":0},"end":{"line":45,"column":63}},"45":{"start":{"line":46,"column":0},"end":{"line":46,"column":12}},"46":{"start":{"line":47,"column":0},"end":{"line":47,"column":18}},"47":{"start":{"line":48,"column":0},"end":{"line":48,"column":51}},"48":{"start":{"line":49,"column":0},"end":{"line":49,"column":6}},"49":{"start":{"line":50,"column":0},"end":{"line":50,"column":3}},"50":{"start":{"line":51,"column":0},"end":{"line":51,"column":1}},"52":{"start":{"line":53,"column":0},"end":{"line":53,"column":30}},"53":{"start":{"line":54,"column":0},"end":{"line":54,"column":20}},"54":{"start":{"line":55,"column":0},"end":{"line":55,"column":33}},"55":{"start":{"line":56,"column":0},"end":{"line":56,"column":25}},"56":{"start":{"line":57,"column":0},"end":{"line":57,"column":10}},"57":{"start":{"line":58,"column":0},"end":{"line":58,"column":3}}},"s":{"0":0,"1":0,"2":0,"3":0,"5":0,"6":0,"8":0,"9":0,"11":0,"12":0,"13":0,"14":0,"15":0,"16":0,"17":0,"19":0,"20":0,"21":0,"22":0,"23":0,"24":0,"25":0,"26":0,"28":0,"29":0,"30":0,"31":0,"32":0,"33":0,"34":0,"36":0,"37":0,"38":0,"39":0,"40":0,"41":0,"42":0,"43":0,"44":0,"45":0,"46":0,"47":0,"48":0,"49":0,"50":0,"52":0,"53":0,"54":0,"55":0,"56":0,"57":0},"branchMap":{"0":{"type":"branch","line":1,"loc":{"start":{"line":1,"column":0},"end":{"line":58,"column":-209}},"locations":[{"start":{"line":1,"column":0},"end":{"line":58,"column":-209}}]}},"b":{"0":[0]},"fnMap":{"0":{"name":"(empty-report)","decl":{"start":{"line":1,"column":0},"end":{"line":58,"column":-209}},"loc":{"start":{"line":1,"column":0},"end":{"line":58,"column":-209}},"line":1}},"f":{"0":0}}
,"/workspaces/azureDevOps/loan-service/src/infra/cors-utils.ts": {"path":"/workspaces/azureDevOps/loan-service/src/infra/cors-utils.ts","all":true,"statementMap":{"5":{"start":{"line":6,"column":0},"end":{"line":6,"column":53}},"6":{"start":{"line":7,"column":0},"end":{"line":7,"column":12}},"7":{"start":{"line":8,"column":0},"end":{"line":8,"column":20}},"8":{"start":{"line":9,"column":0},"end":{"line":9,"column":18}},"9":{"start":{"line":10,"column":0},"end":{"line":10,"column":40}},"10":{"start":{"line":11,"column":0},"end":{"line":11,"column":47}},"11":{"start":{"line":12,"column":0},"end":{"line":12,"column":65}},"12":{"start":{"line":13,"column":0},"end":{"line":13,"column":73}},"13":{"start":{"line":14,"column":0},"end":{"line":14,"column":9}},"14":{"start":{"line":15,"column":0},"end":{"line":15,"column":6}},"15":{"start":{"line":16,"column":0},"end":{"line":16,"column":1}}},"s":{"5":0,"6":0,"7":0,"8":0,"9":0,"10":0,"11":0,"12":0,"13":0,"14":0,"15":0},"branchMap":{"0":{"type":"branch","line":1,"loc":{"start":{"line":1,"column":507},"end":{"line":16,"column":1}},"locations":[{"start":{"line":1,"column":507},"end":{"line":16,"column":1}}]}},"b":{"0":[1]},"fnMap":{"0":{"name":"(empty-report)","decl":{"start":{"line":1,"column":507},"end":{"line":16,"column":1}},"loc":{"start":{"line":1,"column":507},"end":{"line":16,"column":1}},"line":1}},"f":{"0":1}}
,"/workspaces/azureDevOps/loan-service/src/infra/cosmos-loan-repo.ts": {"path":"/workspaces/azureDevOps/loan-service/src/infra/cosmos-loan-repo.ts","all":true,"statementMap":{"0":{"start":{"line":1,"column":0},"end":{"line":1,"column":0}},"28":{"start":{"line":29,"column":0},"end":{"line":29,"column":49}},"33":{"start":{"line":34,"column":0},"end":{"line":34,"column":57}},"34":{"start":{"line":35,"column":0},"end":{"line":35,"column":32}},"35":{"start":{"line":36,"column":0},"end":{"line":36,"column":62}},"36":{"start":{"line":37,"column":0},"end":{"line":37,"column":9}},"37":{"start":{"line":38,"column":0},"end":{"line":38,"column":34}},"38":{"start":{"line":39,"column":0},"end":{"line":39,"column":64}},"39":{"start":{"line":40,"column":0},"end":{"line":40,"column":9}},"40":{"start":{"line":41,"column":0},"end":{"line":41,"column":35}},"41":{"start":{"line":42,"column":0},"end":{"line":42,"column":65}},"42":{"start":{"line":43,"column":0},"end":{"line":43,"column":9}},"44":{"start":{"line":45,"column":0},"end":{"line":45,"column":40}},"45":{"start":{"line":46,"column":0},"end":{"line":46,"column":39}},"46":{"start":{"line":47,"column":0},"end":{"line":47,"column":34}},"47":{"start":{"line":48,"column":0},"end":{"line":48,"column":11}},"49":{"start":{"line":50,"column":0},"end":{"line":50,"column":65}},"50":{"start":{"line":51,"column":0},"end":{"line":51,"column":70}},"51":{"start":{"line":52,"column":0},"end":{"line":52,"column":5}},"53":{"start":{"line":54,"column":0},"end":{"line":54,"column":45}},"54":{"start":{"line":55,"column":0},"end":{"line":55,"column":13}},"55":{"start":{"line":56,"column":0},"end":{"line":56,"column":53}},"56":{"start":{"line":57,"column":0},"end":{"line":57,"column":72}},"58":{"start":{"line":59,"column":0},"end":{"line":59,"column":28}},"59":{"start":{"line":60,"column":0},"end":{"line":60,"column":84}},"60":{"start":{"line":61,"column":0},"end":{"line":61,"column":13}},"62":{"start":{"line":63,"column":0},"end":{"line":63,"column":68}},"63":{"start":{"line":64,"column":0},"end":{"line":64,"column":28}},"64":{"start":{"line":65,"column":0},"end":{"line":65,"column":62}},"65":{"start":{"line":66,"column":0},"end":{"line":66,"column":42}},"66":{"start":{"line":67,"column":0},"end":{"line":67,"column":76}},"67":{"start":{"line":68,"column":0},"end":{"line":68,"column":54}},"68":{"start":{"line":69,"column":0},"end":{"line":69,"column":14}},"69":{"start":{"line":70,"column":0},"end":{"line":70,"column":9}},"70":{"start":{"line":71,"column":0},"end":{"line":71,"column":5}},"72":{"start":{"line":73,"column":0},"end":{"line":73,"column":53}},"73":{"start":{"line":74,"column":0},"end":{"line":74,"column":13}},"74":{"start":{"line":75,"column":0},"end":{"line":75,"column":88}},"75":{"start":{"line":76,"column":0},"end":{"line":76,"column":39}},"77":{"start":{"line":78,"column":0},"end":{"line":78,"column":52}},"78":{"start":{"line":79,"column":0},"end":{"line":79,"column":28}},"80":{"start":{"line":81,"column":0},"end":{"line":81,"column":70}},"81":{"start":{"line":82,"column":0},"end":{"line":82,"column":28}},"82":{"start":{"line":83,"column":0},"end":{"line":83,"column":13}},"83":{"start":{"line":84,"column":0},"end":{"line":84,"column":42}},"84":{"start":{"line":85,"column":0},"end":{"line":85,"column":79}},"85":{"start":{"line":86,"column":0},"end":{"line":86,"column":54}},"86":{"start":{"line":87,"column":0},"end":{"line":87,"column":14}},"87":{"start":{"line":88,"column":0},"end":{"line":88,"column":9}},"88":{"start":{"line":89,"column":0},"end":{"line":89,"column":5}},"90":{"start":{"line":91,"column":0},"end":{"line":91,"column":55}},"91":{"start":{"line":92,"column":0},"end":{"line":92,"column":13}},"92":{"start":{"line":93,"column":0},"end":{"line":93,"column":27}},"93":{"start":{"line":94,"column":0},"end":{"line":94,"column":66}},"94":{"start":{"line":95,"column":0},"end":{"line":95,"column":64}},"95":{"start":{"line":96,"column":0},"end":{"line":96,"column":14}},"97":{"start":{"line":98,"column":0},"end":{"line":98,"column":60}},"98":{"start":{"line":99,"column":0},"end":{"line":99,"column":43}},"99":{"start":{"line":100,"column":0},"end":{"line":100,"column":28}},"101":{"start":{"line":102,"column":0},"end":{"line":102,"column":71}},"102":{"start":{"line":103,"column":0},"end":{"line":103,"column":28}},"103":{"start":{"line":104,"column":0},"end":{"line":104,"column":42}},"104":{"start":{"line":105,"column":0},"end":{"line":105,"column":94}},"105":{"start":{"line":106,"column":0},"end":{"line":106,"column":54}},"106":{"start":{"line":107,"column":0},"end":{"line":107,"column":14}},"107":{"start":{"line":108,"column":0},"end":{"line":108,"column":9}},"108":{"start":{"line":109,"column":0},"end":{"line":109,"column":5}},"110":{"start":{"line":111,"column":0},"end":{"line":111,"column":45}},"111":{"start":{"line":112,"column":0},"end":{"line":112,"column":13}},"112":{"start":{"line":113,"column":0},"end":{"line":113,"column":53}},"113":{"start":{"line":114,"column":0},"end":{"line":114,"column":53}},"114":{"start":{"line":115,"column":0},"end":{"line":115,"column":37}},"115":{"start":{"line":116,"column":0},"end":{"line":116,"column":30}},"117":{"start":{"line":118,"column":0},"end":{"line":118,"column":28}},"118":{"start":{"line":119,"column":0},"end":{"line":119,"column":84}},"119":{"start":{"line":120,"column":0},"end":{"line":120,"column":13}},"121":{"start":{"line":122,"column":0},"end":{"line":122,"column":68}},"122":{"start":{"line":123,"column":0},"end":{"line":123,"column":28}},"123":{"start":{"line":124,"column":0},"end":{"line":124,"column":62}},"124":{"start":{"line":125,"column":0},"end":{"line":125,"column":42}},"125":{"start":{"line":126,"column":0},"end":{"line":126,"column":76}},"126":{"start":{"line":127,"column":0},"end":{"line":127,"column":54}},"127":{"start":{"line":128,"column":0},"end":{"line":128,"column":14}},"128":{"start":{"line":129,"column":0},"end":{"line":129,"column":9}},"129":{"start":{"line":130,"column":0},"end":{"line":130,"column":5}},"133":{"start":{"line":134,"column":0},"end":{"line":134,"column":57}},"134":{"start":{"line":135,"column":0},"end":{"line":135,"column":16}},"135":{"start":{"line":136,"column":0},"end":{"line":136,"column":24}},"136":{"start":{"line":137,"column":0},"end":{"line":137,"column":32}},"137":{"start":{"line":138,"column":0},"end":{"line":138,"column":46}},"138":{"start":{"line":139,"column":0},"end":{"line":139,"column":32}},"139":{"start":{"line":140,"column":0},"end":{"line":140,"column":54}},"140":{"start":{"line":141,"column":0},"end":{"line":141,"column":44}},"141":{"start":{"line":142,"column":0},"end":{"line":142,"column":57}},"142":{"start":{"line":143,"column":0},"end":{"line":143,"column":54}},"143":{"start":{"line":144,"column":0},"end":{"line":144,"column":10}},"144":{"start":{"line":145,"column":0},"end":{"line":145,"column":5}},"146":{"start":{"line":147,"column":0},"end":{"line":147,"column":56}},"147":{"start":{"line":148,"column":0},"end":{"line":148,"column":16}},"148":{"start":{"line":149,"column":0},"end":{"line":149,"column":23}},"149":{"start":{"line":150,"column":0},"end":{"line":150,"column":31}},"150":{"start":{"line":151,"column":0},"end":{"line":151,"column":45}},"151":{"start":{"line":152,"column":0},"end":{"line":152,"column":38}},"152":{"start":{"line":153,"column":0},"end":{"line":153,"column":49}},"153":{"start":{"line":154,"column":0},"end":{"line":154,"column":39}},"154":{"start":{"line":155,"column":0},"end":{"line":155,"column":81}},"155":{"start":{"line":156,"column":0},"end":{"line":156,"column":77}},"156":{"start":{"line":157,"column":0},"end":{"line":157,"column":10}},"157":{"start":{"line":158,"column":0},"end":{"line":158,"column":5}},"158":{"start":{"line":159,"column":0},"end":{"line":159,"column":1}}},"s":{"0":0,"28":0,"33":0,"34":0,"35":0,"36":0,"37":0,"38":0,"39":0,"40":0,"41":0,"42":0,"44":0,"45":0,"46":0,"47":0,"49":0,"50":0,"51":0,"53":0,"54":0,"55":0,"56":0,"58":0,"59":0,"60":0,"62":0,"63":0,"64":0,"65":0,"66":0,"67":0,"68":0,"69":0,"70":0,"72":0,"73":0,"74":0,"75":0,"77":0,"78":0,"80":0,"81":0,"82":0,"83":0,"84":0,"85":0,"86":0,"87":0,"88":0,"90":0,"91":0,"92":0,"93":0,"94":0,"95":0,"97":0,"98":0,"99":0,"101":0,"102":0,"103":0,"104":0,"105":0,"106":0,"107":0,"108":0,"110":0,"111":0,"112":0,"113":0,"114":0,"115":0,"117":0,"118":0,"119":0,"121":0,"122":0,"123":0,"124":0,"125":0,"126":0,"127":0,"128":0,"129":0,"133":0,"134":0,"135":0,"136":0,"137":0,"138":0,"139":0,"140":0,"141":0,"142":0,"143":0,"144":0,"146":0,"147":0,"148":0,"149":0,"150":0,"151":0,"152":0,"153":0,"154":0,"155":0,"156":0,"157":0,"158":0},"branchMap":{"0":{"type":"branch","line":1,"loc":{"start":{"line":1,"column":5204},"end":{"line":159,"column":1}},"locations":[{"start":{"line":1,"column":5204},"end":{"line":159,"column":1}}]}},"b":{"0":[0]},"fnMap":{"0":{"name":"(empty-report)","decl":{"start":{"line":1,"column":5204},"end":{"line":159,"column":1}},"loc":{"start":{"line":1,"column":5204},"end":{"line":159,"column":1}},"line":1}},"f":{"0":0}}
,"/workspaces/azureDevOps/loan-service/src/infra/fake-loan-repo.ts": {"path":"/workspaces/azureDevOps/loan-service/src/infra/fake-loan-repo.ts","all":false,"statementMap":{"7":{"start":{"line":8,"column":0},"end":{"line":8,"column":47}},"8":{"start":{"line":9,"column":0},"end":{"line":9,"column":47}},"13":{"start":{"line":14,"column":0},"end":{"line":14,"column":29}},"14":{"start":{"line":15,"column":0},"end":{"line":15,"column":57}},"15":{"start":{"line":16,"column":0},"end":{"line":16,"column":3}},"20":{"start":{"line":21,"column":0},"end":{"line":21,"column":20}},"21":{"start":{"line":22,"column":0},"end":{"line":22,"column":43}},"22":{"start":{"line":23,"column":0},"end":{"line":23,"column":3}},"24":{"start":{"line":25,"column":0},"end":{"line":25,"column":43}},"25":{"start":{"line":26,"column":0},"end":{"line":26,"column":34}},"26":{"start":{"line":27,"column":0},"end":{"line":27,"column":16}},"27":{"start":{"line":28,"column":0},"end":{"line":28,"column":3}},"29":{"start":{"line":30,"column":0},"end":{"line":30,"column":51}},"30":{"start":{"line":31,"column":0},"end":{"line":31,"column":38}},"31":{"start":{"line":32,"column":0},"end":{"line":32,"column":3}},"33":{"start":{"line":34,"column":0},"end":{"line":34,"column":55}},"34":{"start":{"line":35,"column":0},"end":{"line":35,"column":50}},"35":{"start":{"line":36,"column":0},"end":{"line":36,"column":38}},"36":{"start":{"line":37,"column":0},"end":{"line":37,"column":6}},"37":{"start":{"line":38,"column":0},"end":{"line":38,"column":3}},"39":{"start":{"line":40,"column":0},"end":{"line":40,"column":53}},"40":{"start":{"line":41,"column":0},"end":{"line":41,"column":37}},"41":{"start":{"line":42,"column":0},"end":{"line":42,"column":3}},"43":{"start":{"line":44,"column":0},"end":{"line":44,"column":43}},"44":{"start":{"line":45,"column":0},"end":{"line":45,"column":35}},"45":{"start":{"line":46,"column":0},"end":{"line":46,"column":51}},"46":{"start":{"line":47,"column":0},"end":{"line":47,"column":5}},"47":{"start":{"line":48,"column":0},"end":{"line":48,"column":34}},"48":{"start":{"line":49,"column":0},"end":{"line":49,"column":16}},"49":{"start":{"line":50,"column":0},"end":{"line":50,"column":3}},"51":{"start":{"line":52,"column":0},"end":{"line":52,"column":43}},"52":{"start":{"line":53,"column":0},"end":{"line":53,"column":26}},"53":{"start":{"line":54,"column":0},"end":{"line":54,"column":3}},"54":{"start":{"line":55,"column":0},"end":{"line":55,"column":1}}},"s":{"7":1,"8":12,"13":1,"14":8,"15":8,"20":1,"21":0,"22":0,"24":1,"25":1,"26":1,"27":1,"29":1,"30":11,"31":11,"33":1,"34":3,"35":3,"36":3,"37":3,"39":1,"40":3,"41":3,"43":1,"44":2,"45":0,"46":0,"47":2,"48":2,"49":2,"51":1,"52":0,"53":0,"54":1},"branchMap":{"0":{"type":"branch","line":8,"loc":{"start":{"line":8,"column":7},"end":{"line":9,"column":47}},"locations":[{"start":{"line":8,"column":7},"end":{"line":9,"column":47}}]},"1":{"type":"branch","line":14,"loc":{"start":{"line":14,"column":2},"end":{"line":16,"column":3}},"locations":[{"start":{"line":14,"column":2},"end":{"line":16,"column":3}}]},"2":{"type":"branch","line":15,"loc":{"start":{"line":15,"column":18},"end":{"line":15,"column":55}},"locations":[{"start":{"line":15,"column":18},"end":{"line":15,"column":55}}]},"3":{"type":"branch","line":25,"loc":{"start":{"line":25,"column":2},"end":{"line":28,"column":3}},"locations":[{"start":{"line":25,"column":2},"end":{"line":28,"column":3}}]},"4":{"type":"branch","line":30,"loc":{"start":{"line":30,"column":2},"end":{"line":32,"column":3}},"locations":[{"start":{"line":30,"column":2},"end":{"line":32,"column":3}}]},"5":{"type":"branch","line":31,"loc":{"start":{"line":31,"column":28},"end":{"line":31,"column":38}},"locations":[{"start":{"line":31,"column":28},"end":{"line":31,"column":38}}]},"6":{"type":"branch","line":34,"loc":{"start":{"line":34,"column":2},"end":{"line":38,"column":3}},"locations":[{"start":{"line":34,"column":2},"end":{"line":38,"column":3}}]},"7":{"type":"branch","line":36,"loc":{"start":{"line":36,"column":6},"end":{"line":36,"column":38}},"locations":[{"start":{"line":36,"column":6},"end":{"line":36,"column":38}}]},"8":{"type":"branch","line":40,"loc":{"start":{"line":40,"column":2},"end":{"line":42,"column":3}},"locations":[{"start":{"line":40,"column":2},"end":{"line":42,"column":3}}]},"9":{"type":"branch","line":44,"loc":{"start":{"line":44,"column":2},"end":{"line":50,"column":3}},"locations":[{"start":{"line":44,"column":2},"end":{"line":50,"column":3}}]},"10":{"type":"branch","line":45,"loc":{"start":{"line":45,"column":34},"end":{"line":47,"column":5}},"locations":[{"start":{"line":45,"column":34},"end":{"line":47,"column":5}}]}},"b":{"0":[12],"1":[8],"2":[10],"3":[1],"4":[11],"5":[2],"6":[3],"7":[4],"8":[3],"9":[2],"10":[0]},"fnMap":{"0":{"name":"FakeLoanRepo","decl":{"start":{"line":8,"column":7},"end":{"line":9,"column":47}},"loc":{"start":{"line":8,"column":7},"end":{"line":9,"column":47}},"line":8},"1":{"name":"seed","decl":{"start":{"line":14,"column":2},"end":{"line":16,"column":3}},"loc":{"start":{"line":14,"column":2},"end":{"line":16,"column":3}},"line":14},"2":{"name":"getAll","decl":{"start":{"line":21,"column":2},"end":{"line":23,"column":3}},"loc":{"start":{"line":21,"column":2},"end":{"line":23,"column":3}},"line":21},"3":{"name":"create","decl":{"start":{"line":25,"column":2},"end":{"line":28,"column":3}},"loc":{"start":{"line":25,"column":2},"end":{"line":28,"column":3}},"line":25},"4":{"name":"getById","decl":{"start":{"line":30,"column":2},"end":{"line":32,"column":3}},"loc":{"start":{"line":30,"column":2},"end":{"line":32,"column":3}},"line":30},"5":{"name":"listByUserId","decl":{"start":{"line":34,"column":2},"end":{"line":38,"column":3}},"loc":{"start":{"line":34,"column":2},"end":{"line":38,"column":3}},"line":34},"6":{"name":"listByUser","decl":{"start":{"line":40,"column":2},"end":{"line":42,"column":3}},"loc":{"start":{"line":40,"column":2},"end":{"line":42,"column":3}},"line":40},"7":{"name":"update","decl":{"start":{"line":44,"column":2},"end":{"line":50,"column":3}},"loc":{"start":{"line":44,"column":2},"end":{"line":50,"column":3}},"line":44},"8":{"name":"delete","decl":{"start":{"line":52,"column":2},"end":{"line":54,"column":3}},"loc":{"start":{"line":52,"column":2},"end":{"line":54,"column":3}},"line":52}},"f":{"0":12,"1":8,"2":0,"3":1,"4":11,"5":3,"6":3,"7":2,"8":0}}
}
