{"/workspaces/azureDevOps/device-service/src/index.ts": {"path":"/workspaces/azureDevOps/device-service/src/index.ts","all":true,"statementMap":{"0":{"start":{"line":1,"column":0},"end":{"line":1,"column":85}},"1":{"start":{"line":2,"column":0},"end":{"line":2,"column":42}}},"s":{"0":0,"1":0},"branchMap":{"0":{"type":"branch","line":1,"loc":{"start":{"line":1,"column":128},"end":{"line":2,"column":42}},"locations":[{"start":{"line":1,"column":128},"end":{"line":2,"column":42}}]}},"b":{"0":[0]},"fnMap":{"0":{"name":"(empty-report)","decl":{"start":{"line":1,"column":128},"end":{"line":2,"column":42}},"loc":{"start":{"line":1,"column":128},"end":{"line":2,"column":42}},"line":1}},"f":{"0":0}}
,"/workspaces/azureDevOps/device-service/src/app/list-devices.ts": {"path":"/workspaces/azureDevOps/device-service/src/app/list-devices.ts","all":false,"statementMap":{"0":{"start":{"line":1,"column":0},"end":{"line":1,"column":26}},"8":{"start":{"line":9,"column":0},"end":{"line":9,"column":62}},"9":{"start":{"line":10,"column":0},"end":{"line":10,"column":31}},"10":{"start":{"line":11,"column":0},"end":{"line":11,"column":39}},"13":{"start":{"line":14,"column":0},"end":{"line":14,"column":17}},"14":{"start":{"line":15,"column":0},"end":{"line":15,"column":1}}},"s":{"0":1,"8":4,"9":4,"10":4,"13":3,"14":3},"branchMap":{"0":{"type":"branch","line":9,"loc":{"start":{"line":9,"column":0},"end":{"line":15,"column":1}},"locations":[{"start":{"line":9,"column":0},"end":{"line":15,"column":1}}]},"1":{"type":"branch","line":11,"loc":{"start":{"line":11,"column":37},"end":{"line":15,"column":1}},"locations":[{"start":{"line":11,"column":37},"end":{"line":15,"column":1}}]}},"b":{"0":[4],"1":[3]},"fnMap":{"0":{"name":"listDevices","decl":{"start":{"line":9,"column":0},"end":{"line":15,"column":1}},"loc":{"start":{"line":9,"column":0},"end":{"line":15,"column":1}},"line":9}},"f":{"0":4}}
,"/workspaces/azureDevOps/device-service/src/auth/validateJwt.ts": {"path":"/workspaces/azureDevOps/device-service/src/auth/validateJwt.ts","all":true,"statementMap":{"0":{"start":{"line":1,"column":0},"end":{"line":1,"column":53}},"3":{"start":{"line":4,"column":0},"end":{"line":4,"column":40}},"4":{"start":{"line":5,"column":0},"end":{"line":5,"column":44}},"6":{"start":{"line":7,"column":0},"end":{"line":7,"column":27}},"7":{"start":{"line":8,"column":0},"end":{"line":8,"column":72}},"8":{"start":{"line":9,"column":0},"end":{"line":9,"column":1}},"10":{"start":{"line":11,"column":0},"end":{"line":11,"column":91}},"12":{"start":{"line":13,"column":0},"end":{"line":13,"column":74}},"13":{"start":{"line":14,"column":0},"end":{"line":14,"column":7}},"14":{"start":{"line":15,"column":0},"end":{"line":15,"column":50}},"15":{"start":{"line":16,"column":0},"end":{"line":16,"column":47}},"16":{"start":{"line":17,"column":0},"end":{"line":17,"column":18}},"17":{"start":{"line":18,"column":0},"end":{"line":18,"column":5}},"19":{"start":{"line":20,"column":0},"end":{"line":20,"column":51}},"21":{"start":{"line":22,"column":0},"end":{"line":22,"column":55}},"22":{"start":{"line":23,"column":0},"end":{"line":23,"column":21}},"23":{"start":{"line":24,"column":0},"end":{"line":24,"column":25}},"24":{"start":{"line":25,"column":0},"end":{"line":25,"column":7}},"26":{"start":{"line":27,"column":0},"end":{"line":27,"column":55}},"27":{"start":{"line":28,"column":0},"end":{"line":28,"column":17}},"28":{"start":{"line":29,"column":0},"end":{"line":29,"column":48}},"29":{"start":{"line":30,"column":0},"end":{"line":30,"column":16}},"30":{"start":{"line":31,"column":0},"end":{"line":31,"column":3}},"31":{"start":{"line":32,"column":0},"end":{"line":32,"column":1}}},"s":{"0":0,"3":0,"4":0,"6":0,"7":0,"8":0,"10":0,"12":0,"13":0,"14":0,"15":0,"16":0,"17":0,"19":0,"21":0,"22":0,"23":0,"24":0,"26":0,"27":0,"28":0,"29":0,"30":0,"31":0},"branchMap":{"0":{"type":"branch","line":1,"loc":{"start":{"line":1,"column":911},"end":{"line":32,"column":1}},"locations":[{"start":{"line":1,"column":911},"end":{"line":32,"column":1}}]}},"b":{"0":[0]},"fnMap":{"0":{"name":"(empty-report)","decl":{"start":{"line":1,"column":911},"end":{"line":32,"column":1}},"loc":{"start":{"line":1,"column":911},"end":{"line":32,"column":1}},"line":1}},"f":{"0":0}}
,"/workspaces/azureDevOps/device-service/src/config/appServices.ts": {"path":"/workspaces/azureDevOps/device-service/src/config/appServices.ts","all":true,"statementMap":{"0":{"start":{"line":1,"column":0},"end":{"line":1,"column":60}},"3":{"start":{"line":4,"column":0},"end":{"line":4,"column":42}},"5":{"start":{"line":6,"column":0},"end":{"line":6,"column":46}},"6":{"start":{"line":7,"column":0},"end":{"line":7,"column":20}},"7":{"start":{"line":8,"column":0},"end":{"line":8,"column":49}},"8":{"start":{"line":9,"column":0},"end":{"line":9,"column":39}},"9":{"start":{"line":10,"column":0},"end":{"line":10,"column":54}},"10":{"start":{"line":11,"column":0},"end":{"line":11,"column":56}},"12":{"start":{"line":13,"column":0},"end":{"line":13,"column":59}},"13":{"start":{"line":14,"column":0},"end":{"line":14,"column":22}},"14":{"start":{"line":15,"column":0},"end":{"line":15,"column":104}},"15":{"start":{"line":16,"column":0},"end":{"line":16,"column":8}},"16":{"start":{"line":17,"column":0},"end":{"line":17,"column":5}},"18":{"start":{"line":19,"column":0},"end":{"line":19,"column":39}},"19":{"start":{"line":20,"column":0},"end":{"line":20,"column":15}},"20":{"start":{"line":21,"column":0},"end":{"line":21,"column":17}},"21":{"start":{"line":22,"column":0},"end":{"line":22,"column":18}},"22":{"start":{"line":23,"column":0},"end":{"line":23,"column":21}},"23":{"start":{"line":24,"column":0},"end":{"line":24,"column":7}},"24":{"start":{"line":25,"column":0},"end":{"line":25,"column":3}},"26":{"start":{"line":27,"column":0},"end":{"line":27,"column":20}},"27":{"start":{"line":28,"column":0},"end":{"line":28,"column":1}}},"s":{"0":0,"3":0,"5":0,"6":0,"7":0,"8":0,"9":0,"10":0,"12":0,"13":0,"14":0,"15":0,"16":0,"18":0,"19":0,"20":0,"21":0,"22":0,"23":0,"24":0,"26":0,"27":0},"branchMap":{"0":{"type":"branch","line":1,"loc":{"start":{"line":1,"column":798},"end":{"line":28,"column":1}},"locations":[{"start":{"line":1,"column":798},"end":{"line":28,"column":1}}]}},"b":{"0":[0]},"fnMap":{"0":{"name":"(empty-report)","decl":{"start":{"line":1,"column":798},"end":{"line":28,"column":1}},"loc":{"start":{"line":1,"column":798},"end":{"line":28,"column":1}},"line":1}},"f":{"0":0}}
,"/workspaces/azureDevOps/device-service/src/domain/device-repo.ts": {"path":"/workspaces/azureDevOps/device-service/src/domain/device-repo.ts","all":true,"statementMap":{"34":{"start":{"line":35,"column":0},"end":{"line":35,"column":44}},"35":{"start":{"line":36,"column":0},"end":{"line":36,"column":73}},"36":{"start":{"line":37,"column":0},"end":{"line":37,"column":23}},"37":{"start":{"line":38,"column":0},"end":{"line":38,"column":38}},"38":{"start":{"line":39,"column":0},"end":{"line":39,"column":5}},"39":{"start":{"line":40,"column":0},"end":{"line":40,"column":1}}},"s":{"34":0,"35":0,"36":0,"37":0,"38":0,"39":0},"branchMap":{"0":{"type":"branch","line":1,"loc":{"start":{"line":1,"column":1351},"end":{"line":40,"column":1}},"locations":[{"start":{"line":1,"column":1351},"end":{"line":40,"column":1}}]}},"b":{"0":[1]},"fnMap":{"0":{"name":"(empty-report)","decl":{"start":{"line":1,"column":1351},"end":{"line":40,"column":1}},"loc":{"start":{"line":1,"column":1351},"end":{"line":40,"column":1}},"line":1}},"f":{"0":1}}
,"/workspaces/azureDevOps/device-service/src/domain/device.ts": {"path":"/workspaces/azureDevOps/device-service/src/domain/device.ts","all":false,"statementMap":{"12":{"start":{"line":13,"column":0},"end":{"line":13,"column":44}},"13":{"start":{"line":14,"column":0},"end":{"line":14,"column":34}},"14":{"start":{"line":15,"column":0},"end":{"line":15,"column":23}},"15":{"start":{"line":16,"column":0},"end":{"line":16,"column":38}},"16":{"start":{"line":17,"column":0},"end":{"line":17,"column":5}},"17":{"start":{"line":18,"column":0},"end":{"line":18,"column":1}},"20":{"start":{"line":21,"column":0},"end":{"line":21,"column":71}},"21":{"start":{"line":22,"column":0},"end":{"line":22,"column":46}},"22":{"start":{"line":23,"column":0},"end":{"line":23,"column":21}},"23":{"start":{"line":24,"column":0},"end":{"line":24,"column":5}},"25":{"start":{"line":26,"column":0},"end":{"line":26,"column":49}},"27":{"start":{"line":28,"column":0},"end":{"line":28,"column":12}},"28":{"start":{"line":29,"column":0},"end":{"line":29,"column":37}},"29":{"start":{"line":30,"column":0},"end":{"line":30,"column":31}},"30":{"start":{"line":31,"column":0},"end":{"line":31,"column":40}},"31":{"start":{"line":32,"column":0},"end":{"line":32,"column":34}},"32":{"start":{"line":33,"column":0},"end":{"line":33,"column":40}},"33":{"start":{"line":34,"column":0},"end":{"line":34,"column":34}},"34":{"start":{"line":35,"column":0},"end":{"line":35,"column":43}},"35":{"start":{"line":36,"column":0},"end":{"line":36,"column":37}},"36":{"start":{"line":37,"column":0},"end":{"line":37,"column":48}},"37":{"start":{"line":38,"column":0},"end":{"line":38,"column":33}},"38":{"start":{"line":39,"column":0},"end":{"line":39,"column":43}},"40":{"start":{"line":41,"column":0},"end":{"line":41,"column":2}},"42":{"start":{"line":43,"column":0},"end":{"line":43,"column":56}},"43":{"start":{"line":44,"column":0},"end":{"line":44,"column":46}},"44":{"start":{"line":45,"column":0},"end":{"line":45,"column":49}},"45":{"start":{"line":46,"column":0},"end":{"line":46,"column":5}},"47":{"start":{"line":48,"column":0},"end":{"line":48,"column":49}},"49":{"start":{"line":50,"column":0},"end":{"line":50,"column":84}},"50":{"start":{"line":51,"column":0},"end":{"line":51,"column":71}},"51":{"start":{"line":52,"column":0},"end":{"line":52,"column":5}},"53":{"start":{"line":54,"column":0},"end":{"line":54,"column":93}},"54":{"start":{"line":55,"column":0},"end":{"line":55,"column":74}},"55":{"start":{"line":56,"column":0},"end":{"line":56,"column":5}},"57":{"start":{"line":58,"column":0},"end":{"line":58,"column":93}},"58":{"start":{"line":59,"column":0},"end":{"line":59,"column":74}},"59":{"start":{"line":60,"column":0},"end":{"line":60,"column":5}},"61":{"start":{"line":62,"column":0},"end":{"line":62,"column":102}},"62":{"start":{"line":63,"column":0},"end":{"line":63,"column":77}},"63":{"start":{"line":64,"column":0},"end":{"line":64,"column":5}},"65":{"start":{"line":66,"column":0},"end":{"line":66,"column":113}},"66":{"start":{"line":67,"column":0},"end":{"line":67,"column":86}},"67":{"start":{"line":68,"column":0},"end":{"line":68,"column":5}},"69":{"start":{"line":70,"column":0},"end":{"line":70,"column":31}},"70":{"start":{"line":71,"column":0},"end":{"line":71,"column":2}},"73":{"start":{"line":74,"column":0},"end":{"line":74,"column":68}},"74":{"start":{"line":75,"column":0},"end":{"line":75,"column":37}},"75":{"start":{"line":76,"column":0},"end":{"line":76,"column":61}},"76":{"start":{"line":77,"column":0},"end":{"line":77,"column":5}},"78":{"start":{"line":79,"column":0},"end":{"line":79,"column":12}},"79":{"start":{"line":80,"column":0},"end":{"line":80,"column":28}},"80":{"start":{"line":81,"column":0},"end":{"line":81,"column":34}},"81":{"start":{"line":82,"column":0},"end":{"line":82,"column":34}},"82":{"start":{"line":83,"column":0},"end":{"line":83,"column":40}},"83":{"start":{"line":84,"column":0},"end":{"line":84,"column":43}},"84":{"start":{"line":85,"column":0},"end":{"line":85,"column":30}},"85":{"start":{"line":86,"column":0},"end":{"line":86,"column":6}},"86":{"start":{"line":87,"column":0},"end":{"line":87,"column":2}}},"s":{"12":1,"13":1,"14":19,"15":19,"16":19,"17":1,"20":1,"21":22,"22":4,"23":4,"25":18,"27":18,"28":18,"29":17,"30":14,"31":14,"32":12,"33":12,"34":10,"35":10,"36":8,"37":7,"38":5,"40":22,"42":1,"43":19,"44":4,"45":4,"47":15,"49":19,"50":4,"51":4,"53":19,"54":2,"55":2,"57":19,"58":2,"59":2,"61":19,"62":2,"63":2,"65":19,"66":5,"67":5,"69":0,"70":0,"73":1,"74":22,"75":19,"76":19,"78":3,"79":3,"80":3,"81":3,"82":3,"83":3,"84":3,"85":3,"86":3},"branchMap":{"0":{"type":"branch","line":14,"loc":{"start":{"line":14,"column":4},"end":{"line":17,"column":5}},"locations":[{"start":{"line":14,"column":4},"end":{"line":17,"column":5}}]},"1":{"type":"branch","line":21,"loc":{"start":{"line":21,"column":27},"end":{"line":41,"column":2}},"locations":[{"start":{"line":21,"column":27},"end":{"line":41,"column":2}}]},"2":{"type":"branch","line":22,"loc":{"start":{"line":22,"column":9},"end":{"line":22,"column":45}},"locations":[{"start":{"line":22,"column":9},"end":{"line":22,"column":45}}]},"3":{"type":"branch","line":22,"loc":{"start":{"line":22,"column":45},"end":{"line":24,"column":5}},"locations":[{"start":{"line":22,"column":45},"end":{"line":24,"column":5}}]},"4":{"type":"branch","line":24,"loc":{"start":{"line":24,"column":4},"end":{"line":29,"column":37}},"locations":[{"start":{"line":24,"column":4},"end":{"line":29,"column":37}}]},"5":{"type":"branch","line":29,"loc":{"start":{"line":29,"column":26},"end":{"line":30,"column":31}},"locations":[{"start":{"line":29,"column":26},"end":{"line":30,"column":31}}]},"6":{"type":"branch","line":30,"loc":{"start":{"line":30,"column":26},"end":{"line":31,"column":40}},"locations":[{"start":{"line":30,"column":26},"end":{"line":31,"column":40}}]},"7":{"type":"branch","line":31,"loc":{"start":{"line":31,"column":29},"end":{"line":32,"column":34}},"locations":[{"start":{"line":31,"column":29},"end":{"line":32,"column":34}}]},"8":{"type":"branch","line":32,"loc":{"start":{"line":32,"column":29},"end":{"line":33,"column":40}},"locations":[{"start":{"line":32,"column":29},"end":{"line":33,"column":40}}]},"9":{"type":"branch","line":33,"loc":{"start":{"line":33,"column":29},"end":{"line":34,"column":34}},"locations":[{"start":{"line":33,"column":29},"end":{"line":34,"column":34}}]},"10":{"type":"branch","line":34,"loc":{"start":{"line":34,"column":29},"end":{"line":35,"column":43}},"locations":[{"start":{"line":34,"column":29},"end":{"line":35,"column":43}}]},"11":{"type":"branch","line":35,"loc":{"start":{"line":35,"column":32},"end":{"line":36,"column":37}},"locations":[{"start":{"line":35,"column":32},"end":{"line":36,"column":37}}]},"12":{"type":"branch","line":36,"loc":{"start":{"line":36,"column":32},"end":{"line":37,"column":48}},"locations":[{"start":{"line":36,"column":32},"end":{"line":37,"column":48}}]},"13":{"type":"branch","line":37,"loc":{"start":{"line":37,"column":37},"end":{"line":38,"column":33}},"locations":[{"start":{"line":37,"column":37},"end":{"line":38,"column":33}}]},"14":{"type":"branch","line":38,"loc":{"start":{"line":38,"column":29},"end":{"line":39,"column":43}},"locations":[{"start":{"line":38,"column":29},"end":{"line":39,"column":43}}]},"15":{"type":"branch","line":43,"loc":{"start":{"line":43,"column":27},"end":{"line":71,"column":2}},"locations":[{"start":{"line":43,"column":27},"end":{"line":71,"column":2}}]},"16":{"type":"branch","line":44,"loc":{"start":{"line":44,"column":9},"end":{"line":44,"column":45}},"locations":[{"start":{"line":44,"column":9},"end":{"line":44,"column":45}}]},"17":{"type":"branch","line":44,"loc":{"start":{"line":44,"column":45},"end":{"line":46,"column":5}},"locations":[{"start":{"line":44,"column":45},"end":{"line":46,"column":5}}]},"18":{"type":"branch","line":46,"loc":{"start":{"line":46,"column":4},"end":{"line":50,"column":19}},"locations":[{"start":{"line":46,"column":4},"end":{"line":50,"column":19}}]},"19":{"type":"branch","line":50,"loc":{"start":{"line":50,"column":13},"end":{"line":50,"column":50}},"locations":[{"start":{"line":50,"column":13},"end":{"line":50,"column":50}}]},"20":{"type":"branch","line":50,"loc":{"start":{"line":50,"column":37},"end":{"line":50,"column":83}},"locations":[{"start":{"line":50,"column":37},"end":{"line":50,"column":83}}]},"21":{"type":"branch","line":50,"loc":{"start":{"line":50,"column":83},"end":{"line":52,"column":5}},"locations":[{"start":{"line":50,"column":83},"end":{"line":52,"column":5}}]},"22":{"type":"branch","line":52,"loc":{"start":{"line":52,"column":4},"end":{"line":54,"column":22}},"locations":[{"start":{"line":52,"column":4},"end":{"line":54,"column":22}}]},"23":{"type":"branch","line":54,"loc":{"start":{"line":54,"column":13},"end":{"line":54,"column":56}},"locations":[{"start":{"line":54,"column":13},"end":{"line":54,"column":56}}]},"24":{"type":"branch","line":54,"loc":{"start":{"line":54,"column":43},"end":{"line":54,"column":92}},"locations":[{"start":{"line":54,"column":43},"end":{"line":54,"column":92}}]},"25":{"type":"branch","line":54,"loc":{"start":{"line":54,"column":92},"end":{"line":56,"column":5}},"locations":[{"start":{"line":54,"column":92},"end":{"line":56,"column":5}}]},"26":{"type":"branch","line":56,"loc":{"start":{"line":56,"column":4},"end":{"line":58,"column":22}},"locations":[{"start":{"line":56,"column":4},"end":{"line":58,"column":22}}]},"27":{"type":"branch","line":58,"loc":{"start":{"line":58,"column":13},"end":{"line":58,"column":56}},"locations":[{"start":{"line":58,"column":13},"end":{"line":58,"column":56}}]},"28":{"type":"branch","line":58,"loc":{"start":{"line":58,"column":43},"end":{"line":58,"column":92}},"locations":[{"start":{"line":58,"column":43},"end":{"line":58,"column":92}}]},"29":{"type":"branch","line":58,"loc":{"start":{"line":58,"column":92},"end":{"line":60,"column":5}},"locations":[{"start":{"line":58,"column":92},"end":{"line":60,"column":5}}]},"30":{"type":"branch","line":60,"loc":{"start":{"line":60,"column":4},"end":{"line":62,"column":25}},"locations":[{"start":{"line":60,"column":4},"end":{"line":62,"column":25}}]},"31":{"type":"branch","line":62,"loc":{"start":{"line":62,"column":13},"end":{"line":62,"column":62}},"locations":[{"start":{"line":62,"column":13},"end":{"line":62,"column":62}}]},"32":{"type":"branch","line":62,"loc":{"start":{"line":62,"column":49},"end":{"line":62,"column":101}},"locations":[{"start":{"line":62,"column":49},"end":{"line":62,"column":101}}]},"33":{"type":"branch","line":62,"loc":{"start":{"line":62,"column":101},"end":{"line":64,"column":5}},"locations":[{"start":{"line":62,"column":101},"end":{"line":64,"column":5}}]},"34":{"type":"branch","line":64,"loc":{"start":{"line":64,"column":4},"end":{"line":66,"column":49}},"locations":[{"start":{"line":64,"column":4},"end":{"line":66,"column":49}}]},"35":{"type":"branch","line":66,"loc":{"start":{"line":66,"column":37},"end":{"line":66,"column":74}},"locations":[{"start":{"line":66,"column":37},"end":{"line":66,"column":74}}]},"36":{"type":"branch","line":66,"loc":{"start":{"line":66,"column":69},"end":{"line":66,"column":112}},"locations":[{"start":{"line":66,"column":69},"end":{"line":66,"column":112}}]},"37":{"type":"branch","line":66,"loc":{"start":{"line":66,"column":112},"end":{"line":68,"column":5}},"locations":[{"start":{"line":66,"column":112},"end":{"line":68,"column":5}}]},"38":{"type":"branch","line":68,"loc":{"start":{"line":68,"column":4},"end":{"line":71,"column":2}},"locations":[{"start":{"line":68,"column":4},"end":{"line":71,"column":2}}]},"39":{"type":"branch","line":74,"loc":{"start":{"line":74,"column":33},"end":{"line":87,"column":2}},"locations":[{"start":{"line":74,"column":33},"end":{"line":87,"column":2}}]},"40":{"type":"branch","line":75,"loc":{"start":{"line":75,"column":36},"end":{"line":77,"column":5}},"locations":[{"start":{"line":75,"column":36},"end":{"line":77,"column":5}}]},"41":{"type":"branch","line":77,"loc":{"start":{"line":77,"column":4},"end":{"line":87,"column":2}},"locations":[{"start":{"line":77,"column":4},"end":{"line":87,"column":2}}]}},"b":{"0":[19],"1":[22],"2":[20],"3":[4],"4":[18],"5":[17],"6":[14],"7":[14],"8":[12],"9":[12],"10":[10],"11":[10],"12":[8],"13":[7],"14":[5],"15":[19],"16":[17],"17":[4],"18":[15],"19":[13],"20":[12],"21":[4],"22":[11],"23":[9],"24":[9],"25":[2],"26":[9],"27":[7],"28":[7],"29":[2],"30":[7],"31":[5],"32":[5],"33":[2],"34":[5],"35":[4],"36":[2],"37":[5],"38":[0],"39":[22],"40":[19],"41":[3]},"fnMap":{"0":{"name":"ValidationError","decl":{"start":{"line":14,"column":4},"end":{"line":17,"column":5}},"loc":{"start":{"line":14,"column":4},"end":{"line":17,"column":5}},"line":14},"1":{"name":"isValidDeviceInput","decl":{"start":{"line":21,"column":27},"end":{"line":41,"column":2}},"loc":{"start":{"line":21,"column":27},"end":{"line":41,"column":2}},"line":21},"2":{"name":"getValidationError","decl":{"start":{"line":43,"column":27},"end":{"line":71,"column":2}},"loc":{"start":{"line":43,"column":27},"end":{"line":71,"column":2}},"line":43},"3":{"name":"createDeviceModel","decl":{"start":{"line":74,"column":33},"end":{"line":87,"column":2}},"loc":{"start":{"line":74,"column":33},"end":{"line":87,"column":2}},"line":74}},"f":{"0":19,"1":22,"2":19,"3":22}}
,"/workspaces/azureDevOps/device-service/src/functions/list-devices-http.ts": {"path":"/workspaces/azureDevOps/device-service/src/functions/list-devices-http.ts","all":true,"statementMap":{"0":{"start":{"line":1,"column":0},"end":{"line":1,"column":89}},"3":{"start":{"line":4,"column":0},"end":{"line":4,"column":45}},"4":{"start":{"line":5,"column":0},"end":{"line":5,"column":23}},"5":{"start":{"line":6,"column":0},"end":{"line":6,"column":28}},"6":{"start":{"line":7,"column":0},"end":{"line":7,"column":30}},"7":{"start":{"line":8,"column":0},"end":{"line":8,"column":48}},"9":{"start":{"line":10,"column":0},"end":{"line":10,"column":7}},"10":{"start":{"line":11,"column":0},"end":{"line":11,"column":40}},"11":{"start":{"line":12,"column":0},"end":{"line":12,"column":65}},"12":{"start":{"line":13,"column":0},"end":{"line":13,"column":12}},"13":{"start":{"line":14,"column":0},"end":{"line":14,"column":18}},"14":{"start":{"line":15,"column":0},"end":{"line":15,"column":23}},"15":{"start":{"line":16,"column":0},"end":{"line":16,"column":6}},"16":{"start":{"line":17,"column":0},"end":{"line":17,"column":22}},"17":{"start":{"line":18,"column":0},"end":{"line":18,"column":47}},"18":{"start":{"line":19,"column":0},"end":{"line":19,"column":12}},"19":{"start":{"line":20,"column":0},"end":{"line":20,"column":18}},"20":{"start":{"line":21,"column":0},"end":{"line":21,"column":51}},"21":{"start":{"line":22,"column":0},"end":{"line":22,"column":6}},"22":{"start":{"line":23,"column":0},"end":{"line":23,"column":3}},"23":{"start":{"line":24,"column":0},"end":{"line":24,"column":1}},"26":{"start":{"line":27,"column":0},"end":{"line":27,"column":26}},"27":{"start":{"line":28,"column":0},"end":{"line":28,"column":19}},"28":{"start":{"line":29,"column":0},"end":{"line":29,"column":76}},"29":{"start":{"line":30,"column":0},"end":{"line":30,"column":19}},"30":{"start":{"line":31,"column":0},"end":{"line":31,"column":33}},"31":{"start":{"line":32,"column":0},"end":{"line":32,"column":3}}},"s":{"0":0,"3":0,"4":0,"5":0,"6":0,"7":0,"9":0,"10":0,"11":0,"12":0,"13":0,"14":0,"15":0,"16":0,"17":0,"18":0,"19":0,"20":0,"21":0,"22":0,"23":0,"26":0,"27":0,"28":0,"29":0,"30":0,"31":0},"branchMap":{"0":{"type":"branch","line":1,"loc":{"start":{"line":1,"column":0},"end":{"line":32,"column":-140}},"locations":[{"start":{"line":1,"column":0},"end":{"line":32,"column":-140}}]}},"b":{"0":[0]},"fnMap":{"0":{"name":"(empty-report)","decl":{"start":{"line":1,"column":0},"end":{"line":32,"column":-140}},"loc":{"start":{"line":1,"column":0},"end":{"line":32,"column":-140}},"line":1}},"f":{"0":0}}
,"/workspaces/azureDevOps/device-service/src/infra/cors-utils.ts": {"path":"/workspaces/azureDevOps/device-service/src/infra/cors-utils.ts","all":true,"statementMap":{"0":{"start":{"line":1,"column":0},"end":{"line":1,"column":53}},"1":{"start":{"line":2,"column":0},"end":{"line":2,"column":12}},"2":{"start":{"line":3,"column":0},"end":{"line":3,"column":20}},"3":{"start":{"line":4,"column":0},"end":{"line":4,"column":18}},"4":{"start":{"line":5,"column":0},"end":{"line":5,"column":40}},"5":{"start":{"line":6,"column":0},"end":{"line":6,"column":47}},"6":{"start":{"line":7,"column":0},"end":{"line":7,"column":65}},"7":{"start":{"line":8,"column":0},"end":{"line":8,"column":73}},"8":{"start":{"line":9,"column":0},"end":{"line":9,"column":9}},"9":{"start":{"line":10,"column":0},"end":{"line":10,"column":6}},"10":{"start":{"line":11,"column":0},"end":{"line":11,"column":1}}},"s":{"0":0,"1":0,"2":0,"3":0,"4":0,"5":0,"6":0,"7":0,"8":0,"9":0,"10":0},"branchMap":{"0":{"type":"branch","line":1,"loc":{"start":{"line":1,"column":354},"end":{"line":11,"column":1}},"locations":[{"start":{"line":1,"column":354},"end":{"line":11,"column":1}}]}},"b":{"0":[0]},"fnMap":{"0":{"name":"(empty-report)","decl":{"start":{"line":1,"column":354},"end":{"line":11,"column":1}},"loc":{"start":{"line":1,"column":354},"end":{"line":11,"column":1}},"line":1}},"f":{"0":0}}
,"/workspaces/azureDevOps/device-service/src/infra/cosmos-device-repo.ts": {"path":"/workspaces/azureDevOps/device-service/src/infra/cosmos-device-repo.ts","all":true,"statementMap":{"0":{"start":{"line":1,"column":0},"end":{"line":1,"column":66}},"37":{"start":{"line":38,"column":0},"end":{"line":38,"column":54}},"42":{"start":{"line":43,"column":0},"end":{"line":43,"column":59}},"43":{"start":{"line":44,"column":0},"end":{"line":44,"column":32}},"44":{"start":{"line":45,"column":0},"end":{"line":45,"column":62}},"45":{"start":{"line":46,"column":0},"end":{"line":46,"column":9}},"46":{"start":{"line":47,"column":0},"end":{"line":47,"column":34}},"47":{"start":{"line":48,"column":0},"end":{"line":48,"column":55}},"48":{"start":{"line":49,"column":0},"end":{"line":49,"column":9}},"49":{"start":{"line":50,"column":0},"end":{"line":50,"column":35}},"50":{"start":{"line":51,"column":0},"end":{"line":51,"column":56}},"51":{"start":{"line":52,"column":0},"end":{"line":52,"column":9}},"54":{"start":{"line":55,"column":0},"end":{"line":55,"column":46}},"55":{"start":{"line":56,"column":0},"end":{"line":56,"column":39}},"56":{"start":{"line":57,"column":0},"end":{"line":57,"column":35}},"59":{"start":{"line":60,"column":0},"end":{"line":60,"column":11}},"61":{"start":{"line":62,"column":0},"end":{"line":62,"column":71}},"62":{"start":{"line":63,"column":0},"end":{"line":63,"column":70}},"63":{"start":{"line":64,"column":0},"end":{"line":64,"column":5}},"68":{"start":{"line":69,"column":0},"end":{"line":69,"column":63}},"69":{"start":{"line":70,"column":0},"end":{"line":70,"column":13}},"70":{"start":{"line":71,"column":0},"end":{"line":71,"column":68}},"72":{"start":{"line":73,"column":0},"end":{"line":73,"column":83}},"74":{"start":{"line":75,"column":0},"end":{"line":75,"column":28}},"75":{"start":{"line":76,"column":0},"end":{"line":76,"column":82}},"76":{"start":{"line":77,"column":0},"end":{"line":77,"column":13}},"78":{"start":{"line":79,"column":0},"end":{"line":79,"column":72}},"79":{"start":{"line":80,"column":0},"end":{"line":80,"column":25}},"80":{"start":{"line":81,"column":0},"end":{"line":81,"column":51}},"81":{"start":{"line":82,"column":0},"end":{"line":82,"column":28}},"82":{"start":{"line":83,"column":0},"end":{"line":83,"column":13}},"83":{"start":{"line":84,"column":0},"end":{"line":84,"column":38}},"84":{"start":{"line":85,"column":0},"end":{"line":85,"column":103}},"85":{"start":{"line":86,"column":0},"end":{"line":86,"column":58}},"86":{"start":{"line":87,"column":0},"end":{"line":87,"column":14}},"87":{"start":{"line":88,"column":0},"end":{"line":88,"column":9}},"88":{"start":{"line":89,"column":0},"end":{"line":89,"column":5}},"93":{"start":{"line":94,"column":0},"end":{"line":94,"column":61}},"94":{"start":{"line":95,"column":0},"end":{"line":95,"column":13}},"95":{"start":{"line":96,"column":0},"end":{"line":96,"column":90}},"97":{"start":{"line":98,"column":0},"end":{"line":98,"column":28}},"98":{"start":{"line":99,"column":0},"end":{"line":99,"column":28}},"99":{"start":{"line":100,"column":0},"end":{"line":100,"column":13}},"101":{"start":{"line":102,"column":0},"end":{"line":102,"column":54}},"102":{"start":{"line":103,"column":0},"end":{"line":103,"column":25}},"104":{"start":{"line":105,"column":0},"end":{"line":105,"column":74}},"105":{"start":{"line":106,"column":0},"end":{"line":106,"column":28}},"106":{"start":{"line":107,"column":0},"end":{"line":107,"column":13}},"108":{"start":{"line":109,"column":0},"end":{"line":109,"column":38}},"109":{"start":{"line":110,"column":0},"end":{"line":110,"column":111}},"110":{"start":{"line":111,"column":0},"end":{"line":111,"column":58}},"111":{"start":{"line":112,"column":0},"end":{"line":112,"column":14}},"112":{"start":{"line":113,"column":0},"end":{"line":113,"column":9}},"113":{"start":{"line":114,"column":0},"end":{"line":114,"column":5}},"118":{"start":{"line":119,"column":0},"end":{"line":119,"column":46}},"119":{"start":{"line":120,"column":0},"end":{"line":120,"column":13}},"120":{"start":{"line":121,"column":0},"end":{"line":121,"column":44}},"121":{"start":{"line":122,"column":0},"end":{"line":122,"column":101}},"123":{"start":{"line":124,"column":0},"end":{"line":124,"column":73}},"124":{"start":{"line":125,"column":0},"end":{"line":125,"column":25}},"125":{"start":{"line":126,"column":0},"end":{"line":126,"column":38}},"126":{"start":{"line":127,"column":0},"end":{"line":127,"column":106}},"127":{"start":{"line":128,"column":0},"end":{"line":128,"column":58}},"128":{"start":{"line":129,"column":0},"end":{"line":129,"column":14}},"129":{"start":{"line":130,"column":0},"end":{"line":130,"column":9}},"130":{"start":{"line":131,"column":0},"end":{"line":131,"column":5}},"135":{"start":{"line":136,"column":0},"end":{"line":136,"column":71}},"136":{"start":{"line":137,"column":0},"end":{"line":137,"column":16}},"137":{"start":{"line":138,"column":0},"end":{"line":138,"column":26}},"138":{"start":{"line":139,"column":0},"end":{"line":139,"column":32}},"139":{"start":{"line":140,"column":0},"end":{"line":140,"column":32}},"140":{"start":{"line":141,"column":0},"end":{"line":141,"column":38}},"141":{"start":{"line":142,"column":0},"end":{"line":142,"column":48}},"142":{"start":{"line":143,"column":0},"end":{"line":143,"column":54}},"143":{"start":{"line":144,"column":0},"end":{"line":144,"column":10}},"144":{"start":{"line":145,"column":0},"end":{"line":145,"column":5}},"149":{"start":{"line":150,"column":0},"end":{"line":150,"column":68}},"150":{"start":{"line":151,"column":0},"end":{"line":151,"column":16}},"151":{"start":{"line":152,"column":0},"end":{"line":152,"column":23}},"152":{"start":{"line":153,"column":0},"end":{"line":153,"column":29}},"153":{"start":{"line":154,"column":0},"end":{"line":154,"column":29}},"154":{"start":{"line":155,"column":0},"end":{"line":155,"column":35}},"155":{"start":{"line":156,"column":0},"end":{"line":156,"column":45}},"156":{"start":{"line":157,"column":0},"end":{"line":157,"column":47}},"157":{"start":{"line":158,"column":0},"end":{"line":158,"column":10}},"158":{"start":{"line":159,"column":0},"end":{"line":159,"column":5}},"159":{"start":{"line":160,"column":0},"end":{"line":160,"column":1}}},"s":{"0":0,"37":0,"42":0,"43":0,"44":0,"45":0,"46":0,"47":0,"48":0,"49":0,"50":0,"51":0,"54":0,"55":0,"56":0,"59":0,"61":0,"62":0,"63":0,"68":0,"69":0,"70":0,"72":0,"74":0,"75":0,"76":0,"78":0,"79":0,"80":0,"81":0,"82":0,"83":0,"84":0,"85":0,"86":0,"87":0,"88":0,"93":0,"94":0,"95":0,"97":0,"98":0,"99":0,"101":0,"102":0,"104":0,"105":0,"106":0,"108":0,"109":0,"110":0,"111":0,"112":0,"113":0,"118":0,"119":0,"120":0,"121":0,"123":0,"124":0,"125":0,"126":0,"127":0,"128":0,"129":0,"130":0,"135":0,"136":0,"137":0,"138":0,"139":0,"140":0,"141":0,"142":0,"143":0,"144":0,"149":0,"150":0,"151":0,"152":0,"153":0,"154":0,"155":0,"156":0,"157":0,"158":0,"159":0},"branchMap":{"0":{"type":"branch","line":1,"loc":{"start":{"line":1,"column":5133},"end":{"line":160,"column":1}},"locations":[{"start":{"line":1,"column":5133},"end":{"line":160,"column":1}}]}},"b":{"0":[0]},"fnMap":{"0":{"name":"(empty-report)","decl":{"start":{"line":1,"column":5133},"end":{"line":160,"column":1}},"loc":{"start":{"line":1,"column":5133},"end":{"line":160,"column":1}},"line":1}},"f":{"0":0}}
,"/workspaces/azureDevOps/device-service/src/infra/fake-device-repo.ts": {"path":"/workspaces/azureDevOps/device-service/src/infra/fake-device-repo.ts","all":false,"statementMap":{"7":{"start":{"line":8,"column":0},"end":{"line":8,"column":52}},"8":{"start":{"line":9,"column":0},"end":{"line":9,"column":57}},"13":{"start":{"line":14,"column":0},"end":{"line":14,"column":39}},"14":{"start":{"line":15,"column":0},"end":{"line":15,"column":67}},"15":{"start":{"line":16,"column":0},"end":{"line":16,"column":3}},"20":{"start":{"line":21,"column":0},"end":{"line":21,"column":28}},"21":{"start":{"line":22,"column":0},"end":{"line":22,"column":45}},"22":{"start":{"line":23,"column":0},"end":{"line":23,"column":3}},"24":{"start":{"line":25,"column":0},"end":{"line":25,"column":61}},"25":{"start":{"line":26,"column":0},"end":{"line":26,"column":40}},"26":{"start":{"line":27,"column":0},"end":{"line":27,"column":18}},"27":{"start":{"line":28,"column":0},"end":{"line":28,"column":3}},"29":{"start":{"line":30,"column":0},"end":{"line":30,"column":59}},"30":{"start":{"line":31,"column":0},"end":{"line":31,"column":40}},"31":{"start":{"line":32,"column":0},"end":{"line":32,"column":3}},"33":{"start":{"line":34,"column":0},"end":{"line":34,"column":41}},"34":{"start":{"line":35,"column":0},"end":{"line":35,"column":45}},"35":{"start":{"line":36,"column":0},"end":{"line":36,"column":3}},"37":{"start":{"line":38,"column":0},"end":{"line":38,"column":59}},"38":{"start":{"line":39,"column":0},"end":{"line":39,"column":40}},"39":{"start":{"line":40,"column":0},"end":{"line":40,"column":18}},"40":{"start":{"line":41,"column":0},"end":{"line":41,"column":3}},"42":{"start":{"line":43,"column":0},"end":{"line":43,"column":43}},"43":{"start":{"line":44,"column":0},"end":{"line":44,"column":28}},"44":{"start":{"line":45,"column":0},"end":{"line":45,"column":3}},"45":{"start":{"line":46,"column":0},"end":{"line":46,"column":1}}},"s":{"7":1,"8":3,"13":1,"14":2,"15":2,"20":1,"21":0,"22":0,"24":1,"25":0,"26":0,"27":0,"29":1,"30":0,"31":0,"33":1,"34":2,"35":2,"37":1,"38":0,"39":0,"40":0,"42":1,"43":0,"44":0,"45":1},"branchMap":{"0":{"type":"branch","line":8,"loc":{"start":{"line":8,"column":7},"end":{"line":9,"column":57}},"locations":[{"start":{"line":8,"column":7},"end":{"line":9,"column":57}}]},"1":{"type":"branch","line":14,"loc":{"start":{"line":14,"column":2},"end":{"line":16,"column":3}},"locations":[{"start":{"line":14,"column":2},"end":{"line":16,"column":3}}]},"2":{"type":"branch","line":15,"loc":{"start":{"line":15,"column":20},"end":{"line":15,"column":65}},"locations":[{"start":{"line":15,"column":20},"end":{"line":15,"column":65}}]},"3":{"type":"branch","line":34,"loc":{"start":{"line":34,"column":2},"end":{"line":36,"column":3}},"locations":[{"start":{"line":34,"column":2},"end":{"line":36,"column":3}}]}},"b":{"0":[3],"1":[2],"2":[4],"3":[2]},"fnMap":{"0":{"name":"FakeDeviceRepo","decl":{"start":{"line":8,"column":7},"end":{"line":9,"column":57}},"loc":{"start":{"line":8,"column":7},"end":{"line":9,"column":57}},"line":8},"1":{"name":"seed","decl":{"start":{"line":14,"column":2},"end":{"line":16,"column":3}},"loc":{"start":{"line":14,"column":2},"end":{"line":16,"column":3}},"line":14},"2":{"name":"getAll","decl":{"start":{"line":21,"column":2},"end":{"line":23,"column":3}},"loc":{"start":{"line":21,"column":2},"end":{"line":23,"column":3}},"line":21},"3":{"name":"create","decl":{"start":{"line":25,"column":2},"end":{"line":28,"column":3}},"loc":{"start":{"line":25,"column":2},"end":{"line":28,"column":3}},"line":25},"4":{"name":"getById","decl":{"start":{"line":30,"column":2},"end":{"line":32,"column":3}},"loc":{"start":{"line":30,"column":2},"end":{"line":32,"column":3}},"line":30},"5":{"name":"list","decl":{"start":{"line":34,"column":2},"end":{"line":36,"column":3}},"loc":{"start":{"line":34,"column":2},"end":{"line":36,"column":3}},"line":34},"6":{"name":"save","decl":{"start":{"line":38,"column":2},"end":{"line":41,"column":3}},"loc":{"start":{"line":38,"column":2},"end":{"line":41,"column":3}},"line":38},"7":{"name":"delete","decl":{"start":{"line":43,"column":2},"end":{"line":45,"column":3}},"loc":{"start":{"line":43,"column":2},"end":{"line":45,"column":3}},"line":43}},"f":{"0":3,"1":2,"2":0,"3":0,"4":0,"5":2,"6":0,"7":0}}
,"/workspaces/azureDevOps/device-service/src/seed/devices-data.ts": {"path":"/workspaces/azureDevOps/device-service/src/seed/devices-data.ts","all":true,"statementMap":{"2":{"start":{"line":3,"column":0},"end":{"line":3,"column":44}},"3":{"start":{"line":4,"column":0},"end":{"line":4,"column":3}},"4":{"start":{"line":5,"column":0},"end":{"line":5,"column":19}},"5":{"start":{"line":6,"column":0},"end":{"line":6,"column":18}},"6":{"start":{"line":7,"column":0},"end":{"line":7,"column":27}},"7":{"start":{"line":8,"column":0},"end":{"line":8,"column":23}},"8":{"start":{"line":9,"column":0},"end":{"line":9,"column":21}},"9":{"start":{"line":10,"column":0},"end":{"line":10,"column":25}},"10":{"start":{"line":11,"column":0},"end":{"line":11,"column":4}},"11":{"start":{"line":12,"column":0},"end":{"line":12,"column":3}},"12":{"start":{"line":13,"column":0},"end":{"line":13,"column":19}},"13":{"start":{"line":14,"column":0},"end":{"line":14,"column":19}},"14":{"start":{"line":15,"column":0},"end":{"line":15,"column":24}},"15":{"start":{"line":16,"column":0},"end":{"line":16,"column":23}},"16":{"start":{"line":17,"column":0},"end":{"line":17,"column":21}},"17":{"start":{"line":18,"column":0},"end":{"line":18,"column":25}},"18":{"start":{"line":19,"column":0},"end":{"line":19,"column":4}},"19":{"start":{"line":20,"column":0},"end":{"line":20,"column":3}},"20":{"start":{"line":21,"column":0},"end":{"line":21,"column":19}},"21":{"start":{"line":22,"column":0},"end":{"line":22,"column":19}},"22":{"start":{"line":23,"column":0},"end":{"line":23,"column":22}},"23":{"start":{"line":24,"column":0},"end":{"line":24,"column":23}},"24":{"start":{"line":25,"column":0},"end":{"line":25,"column":21}},"25":{"start":{"line":26,"column":0},"end":{"line":26,"column":25}},"26":{"start":{"line":27,"column":0},"end":{"line":27,"column":3}},"27":{"start":{"line":28,"column":0},"end":{"line":28,"column":2}}},"s":{"2":0,"3":0,"4":0,"5":0,"6":0,"7":0,"8":0,"9":0,"10":0,"11":0,"12":0,"13":0,"14":0,"15":0,"16":0,"17":0,"18":0,"19":0,"20":0,"21":0,"22":0,"23":0,"24":0,"25":0,"26":0,"27":0},"branchMap":{"0":{"type":"branch","line":1,"loc":{"start":{"line":1,"column":542},"end":{"line":28,"column":2}},"locations":[{"start":{"line":1,"column":542},"end":{"line":28,"column":2}}]}},"b":{"0":[1]},"fnMap":{"0":{"name":"(empty-report)","decl":{"start":{"line":1,"column":542},"end":{"line":28,"column":2}},"loc":{"start":{"line":1,"column":542},"end":{"line":28,"column":2}},"line":1}},"f":{"0":1}}
,"/workspaces/azureDevOps/device-service/src/seed/seed-devices.ts": {"path":"/workspaces/azureDevOps/device-service/src/seed/seed-devices.ts","all":true,"statementMap":{"0":{"start":{"line":1,"column":0},"end":{"line":1,"column":57}},"1":{"start":{"line":2,"column":0},"end":{"line":2,"column":45}},"3":{"start":{"line":4,"column":0},"end":{"line":4,"column":22}},"4":{"start":{"line":5,"column":0},"end":{"line":5,"column":31}},"6":{"start":{"line":7,"column":0},"end":{"line":7,"column":37}},"7":{"start":{"line":8,"column":0},"end":{"line":8,"column":50}},"8":{"start":{"line":9,"column":0},"end":{"line":9,"column":30}},"9":{"start":{"line":10,"column":0},"end":{"line":10,"column":3}},"11":{"start":{"line":12,"column":0},"end":{"line":12,"column":39}},"12":{"start":{"line":13,"column":0},"end":{"line":13,"column":1}},"14":{"start":{"line":15,"column":0},"end":{"line":15,"column":22}},"15":{"start":{"line":16,"column":0},"end":{"line":16,"column":37}},"16":{"start":{"line":17,"column":0},"end":{"line":17,"column":18}},"17":{"start":{"line":18,"column":0},"end":{"line":18,"column":3}}},"s":{"0":0,"1":0,"3":0,"4":0,"6":0,"7":0,"8":0,"9":0,"11":0,"12":0,"14":0,"15":0,"16":0,"17":0},"branchMap":{"0":{"type":"branch","line":1,"loc":{"start":{"line":1,"column":0},"end":{"line":18,"column":-176}},"locations":[{"start":{"line":1,"column":0},"end":{"line":18,"column":-176}}]}},"b":{"0":[0]},"fnMap":{"0":{"name":"(empty-report)","decl":{"start":{"line":1,"column":0},"end":{"line":18,"column":-176}},"loc":{"start":{"line":1,"column":0},"end":{"line":18,"column":-176}},"line":1}},"f":{"0":0}}
}
